#
# A fatal error has been detected by the Java Runtime Environment:
#
#  SIGSEGV (0xb) at pc=0x00007fb582952935, pid=7842, tid=0x00007fb5954f9700
#
# JRE version: OpenJDK Runtime Environment (8.0_232-b09) (build 1.8.0_232-8u232-b09-0ubuntu1~18.04.1-b09)
# Java VM: OpenJDK 64-Bit Server VM (25.232-b09 mixed mode linux-amd64 compressed oops)
# Problematic frame:
# 
[error occurred during error reporting (printing problematic frame), id 0xb]

# Failed to write core dump. Core dumps have been disabled. To enable core dumping, try "ulimit -c unlimited" before starting Java again
#
# If you would like to submit a bug report, please visit:
#   http://bugreport.java.com/bugreport/crash.jsp
# The crash happened outside the Java Virtual Machine in native code.
# See problematic frame for where to report the bug.
#

---------------  T H R E A D  ---------------

Current thread (0x00007fb58c043000):  JavaThread "AWT-XAWT" daemon [_thread_in_native, id=7861, stack(0x00007fb5953f9000,0x00007fb5954fa000)]

siginfo: si_signo: 11 (SIGSEGV), si_code: 128 (SI_KERNEL), si_addr: 0x0000000000000000

Registers:
RAX=0x0000000000000000, RBX=0x00007fb597b8cd18, RCX=0x0000000000000000, RDX=0x0000000000010004
RSP=0x00007fb5954f8080, RBP=0x00007fb5e833f490, RSI=0x00007fb5954f8088, RDI=0x2e756e672e65746f
R8 =0x0000000000000000, R9 =0x0000000000000000, R10=0x00007fb5880008d0, R11=0x0000000000000000
R12=0x00007fb5954f8100, R13=0x00007fb5e833f490, R14=0x00007fb5e83406e0, R15=0x00007fb5e833f490
RIP=0x00007fb582952935, EFLAGS=0x0000000000010202, CSGSFS=0x002b000000000033, ERR=0x0000000000000000
  TRAPNO=0x000000000000000d

Top of Stack: (sp=0x00007fb5954f8080)
0x00007fb5954f8080:   00007fb5954f81f0 00007fb5ed112e94
0x00007fb5954f8090:   00007fb58c043000 00007fb58295d1b5
0x00007fb5954f80a0:   00007fb5954f80c0 00007fb5ecfc9db6
0x00007fb5954f80b0:   00000007c021e6d8 00007fb58c043530
0x00007fb5954f80c0:   00007fb5954f8110 00007fb597b8cd18
0x00007fb5954f80d0:   00007fb5e833f490 00007fb5954f8100
0x00007fb5954f80e0:   00007fb5954f81f4 00007fb5978958fa
0x00007fb5954f80f0:   00007fb5e83406e0 00000000000000d0
0x00007fb5954f8100:   0000000e00000000 00007fb5e833f490
0x00007fb5954f8110:   0000000004800020 00000000000001de
0x00007fb5954f8120:   0000000000001403 ffffffffffffffb0
0x00007fb5954f8130:   0000000000000003 000000330000000e
0x00007fb5954f8140:   0000000000000000 0000000000000000
0x00007fb5954f8150:   0000000000000000 000000770000007c
0x00007fb5954f8160:   0000005b0000006e 00007fb5954f8180
0x00007fb5954f8170:   0000000000000000 00000000000000d0
0x00007fb5954f8180:   00007fb588000020 00007fb588010e40
0x00007fb5954f8190:   00007fb5954f8240 a163d73e064a3900
0x00007fb5954f81a0:   00007fb5e833f490 00007fb5e83406e0
0x00007fb5954f81b0:   00007fb588010e60 00007fb5e83406f8
0x00007fb5954f81c0:   0000000000000000 a163d73e064a3900
0x00007fb5954f81d0:   0000000000000000 00007fb5e833f490
0x00007fb5954f81e0:   00007fb588010e60 00007fb59789282b
0x00007fb5954f81f0:   00007fb5e833a270 a163d73e064a3900
0x00007fb5954f8200:   00007fb588010e40 00007fb588010e40
0x00007fb5954f8210:   0000000000000000 00007fb588010e40
0x00007fb5954f8220:   00007fb5954f8240 00007fb5978939d4
0x00007fb5954f8230:   00007fb5954f82c0 0000000000000000
0x00007fb5954f8240:   00007fb588010e60 a163d73e064a3900
0x00007fb5954f8250:   00007fb5954f8468 00007fb58800a0d0
0x00007fb5954f8260:   00007fb58800a110 00007fb588004ce0
0x00007fb5954f8270:   00007fb588008300 00007fb5e833f490 

Instructions: (pc=0x00007fb582952935)
0x00007fb582952915:   66 66 2e 0f 1f 84 00 00 00 00 00 48 83 ec 18 48
0x00007fb582952925:   8b 3d ad 0a 23 00 ba 04 00 01 00 48 8d 74 24 08
0x00007fb582952935:   48 8b 07 ff 50 30 48 8b 44 24 08 48 83 c4 18 c3
0x00007fb582952945:   66 66 2e 0f 1f 84 00 00 00 00 00 48 83 ec 18 48 

Register to memory mapping:

RAX=0x0000000000000000 is an unknown value
RBX=0x00007fb597b8cd18: _XErrorFunction+0 in /usr/lib/x86_64-linux-gnu/libX11.so.6 at 0x00007fb597855000
RCX=0x0000000000000000 is an unknown value
RDX=0x0000000000010004 is an unknown value
RSP=0x00007fb5954f8080 is pointing into the stack for thread: 0x00007fb58c043000
RBP=0x00007fb5e833f490 is an unknown value
RSI=0x00007fb5954f8088 is pointing into the stack for thread: 0x00007fb58c043000
RDI=0x2e756e672e65746f is an unknown value
R8 =0x0000000000000000 is an unknown value
R9 =0x0000000000000000 is an unknown value
R10=0x00007fb5880008d0 is an unknown value
R11=0x0000000000000000 is an unknown value
R12=0x00007fb5954f8100 is pointing into the stack for thread: 0x00007fb58c043000
R13=0x00007fb5e833f490 is an unknown value
R14=0x00007fb5e83406e0 is an unknown value
R15=0x00007fb5e833f490 is an unknown value


Stack: [0x00007fb5953f9000,0x00007fb5954fa000],  sp=0x00007fb5954f8080,  free space=1020k
Native frames: (J=compiled Java code, j=interpreted, Vv=VM code, C=native code)

[error occurred during error reporting (printing native stack), id 0xb]

Java frames: (J=compiled Java code, j=interpreted, Vv=VM code)
j  sun.awt.X11.XlibWrapper.XGetWindowProperty(JJJJJJJJJJJJ)I+0
j  sun.awt.X11.WindowPropertyGetter.execute(Lsun/awt/X11/XErrorHandler;)I+150
j  sun.awt.X11.XDnDDropTargetProtocol.isProtocolSupported(J)Z+40
j  sun.awt.X11.XDropTargetRegistry.updateEmbedderDropSite(J)V+69
J 1600 C1 sun.awt.X11.XDropTargetEventProcessor.doProcessEvent(Lsun/awt/X11/XEvent;)Z (221 bytes) @ 0x00007fb5d847eb4c [0x00007fb5d847d440+0x170c]
J 1590 C1 sun.awt.X11.XDropTargetEventProcessor.processEvent(Lsun/awt/X11/XEvent;)Z (18 bytes) @ 0x00007fb5d84726f4 [0x00007fb5d8472640+0xb4]
j  sun.awt.X11.XToolkit.run(Z)V+141
j  sun.awt.X11.XToolkit.run()V+5
j  java.lang.Thread.run()V+11
v  ~StubRoutines::call_stub

---------------  P R O C E S S  ---------------

Java Threads: ( => current thread )
  0x00007fb58d95d000 JavaThread "Thread-3" daemon [_thread_in_native, id=7879, stack(0x00007fb563800000,0x00007fb564000000)]
  0x00007fb574091000 JavaThread "TimerQueue" daemon [_thread_blocked, id=7880, stack(0x00007fb5c4034000,0x00007fb5c4135000)]
  0x00007fb58db5e000 JavaThread "AWT-EventQueue-1" [_thread_blocked, id=7877, stack(0x00007fb57a5fc000,0x00007fb57a6fd000)]
  0x00007fb58db5d800 JavaThread "AWT-Shutdown" [_thread_blocked, id=7876, stack(0x00007fb57a4fb000,0x00007fb57a5fc000)]
  0x00007fb5e800b800 JavaThread "DestroyJavaVM" [_thread_blocked, id=7844, stack(0x00007fb5ee630000,0x00007fb5ee730000)]
=>0x00007fb58c043000 JavaThread "AWT-XAWT" daemon [_thread_in_native, id=7861, stack(0x00007fb5953f9000,0x00007fb5954fa000)]
  0x00007fb58c023000 JavaThread "Java2D Disposer" daemon [_thread_blocked, id=7860, stack(0x00007fb59590a000,0x00007fb595a0b000)]
  0x00007fb5e8191000 JavaThread "Service Thread" daemon [_thread_blocked, id=7857, stack(0x00007fb5cc499000,0x00007fb5cc59a000)]
  0x00007fb5e8186000 JavaThread "C1 CompilerThread2" daemon [_thread_blocked, id=7856, stack(0x00007fb5cc59b000,0x00007fb5cc69b000)]
  0x00007fb5e8184000 JavaThread "C2 CompilerThread1" daemon [_thread_blocked, id=7855, stack(0x00007fb5cc69c000,0x00007fb5cc79c000)]
  0x00007fb5e8181800 JavaThread "C2 CompilerThread0" daemon [_thread_blocked, id=7854, stack(0x00007fb5cc79d000,0x00007fb5cc89d000)]
  0x00007fb5e8180000 JavaThread "Signal Dispatcher" daemon [_thread_blocked, id=7853, stack(0x00007fb5cc89d000,0x00007fb5cc99e000)]
  0x00007fb5e814c800 JavaThread "Finalizer" daemon [_thread_blocked, id=7852, stack(0x00007fb5cc99e000,0x00007fb5cca9f000)]
  0x00007fb5e814a000 JavaThread "Reference Handler" daemon [_thread_blocked, id=7851, stack(0x00007fb5cca9f000,0x00007fb5ccba0000)]

Other Threads:
  0x00007fb5e8140000 VMThread [stack: 0x00007fb5ccba1000,0x00007fb5ccca1000] [id=7850]
  0x00007fb5e8193800 WatcherThread [stack: 0x00007fb5cc399000,0x00007fb5cc499000] [id=7858]

VM state:not at safepoint (normal execution)

VM Mutex/Monitor currently owned by a thread: None

heap address: 0x00000006c6c00000, size: 3988 MB, Compressed Oops mode: Zero based, Oop shift amount: 3
Narrow klass base: 0x0000000000000000, Narrow klass shift: 3
Compressed class space size: 1073741824 Address: 0x00000007c0000000

Heap:
 PSYoungGen      total 74752K, used 15387K [0x000000076cf00000, 0x0000000772200000, 0x00000007c0000000)
  eden space 64512K, 12% used [0x000000076cf00000,0x000000076d692d58,0x0000000770e00000)
  from space 10240K, 74% used [0x0000000770e00000,0x0000000771574068,0x0000000771800000)
  to   space 10240K, 0% used [0x0000000771800000,0x0000000771800000,0x0000000772200000)
 ParOldGen       total 171008K, used 8K [0x00000006c6c00000, 0x00000006d1300000, 0x000000076cf00000)
  object space 171008K, 0% used [0x00000006c6c00000,0x00000006c6c02000,0x00000006d1300000)
 Metaspace       used 20419K, capacity 20791K, committed 21120K, reserved 1069056K
  class space    used 2232K, capacity 2347K, committed 2432K, reserved 1048576K

Card table byte_map: [0x00007fb5d73e4000,0x00007fb5d7baf000] byte_map_base: 0x00007fb5d3dae000

Marking Bits: (ParMarkBitMap*) 0x00007fb5ed8d1380
 Begin Bits: [0x00007fb5cee0e000, 0x00007fb5d2c5e000)
 End Bits:   [0x00007fb5d2c5e000, 0x00007fb5d6aae000)

Polling page: 0x00007fb5ee752000

CodeCache: size=245760Kb used=5394Kb max_used=5394Kb free=240366Kb
 bounds [0x00007fb5d7f6f000, 0x00007fb5d84bf000, 0x00007fb5e6f6f000]
 total_blobs=2352 nmethods=1621 adapters=645
 compilation: enabled

Compilation events (10 events):
Event: 26893,034 Thread 0x00007fb5e8186000 1632       3       java.awt.Component::getContainer (5 bytes)
Event: 26893,034 Thread 0x00007fb5e8186000 nmethod 1632 0x00007fb5d8499990 code [0x00007fb5d8499b00, 0x00007fb5d8499cf0]
Event: 26893,036 Thread 0x00007fb5e8186000 1633  s    3       java.awt.KeyboardFocusManager::getCurrentKeyboardFocusManager (32 bytes)
Event: 26893,037 Thread 0x00007fb5e8186000 nmethod 1633 0x00007fb5d849d1d0 code [0x00007fb5d849d380, 0x00007fb5d849d968]
Event: 26893,037 Thread 0x00007fb5e8186000 1634       3       java.awt.KeyboardFocusManager::getCurrentKeyboardFocusManager (7 bytes)
Event: 26893,037 Thread 0x00007fb5e8186000 nmethod 1634 0x00007fb5d849c610 code [0x00007fb5d849c7c0, 0x00007fb5d849ce58]
Event: 26893,050 Thread 0x00007fb5e8186000 1635       3       java.awt.Component::isLightweight (8 bytes)
Event: 26893,053 Thread 0x00007fb5e8186000 nmethod 1635 0x00007fb5d849b250 code [0x00007fb5d849b3c0, 0x00007fb5d849b6b0]
Event: 26893,064 Thread 0x00007fb5e8186000 1636       3       java.util.WeakHashMap::get (77 bytes)
Event: 26893,073 Thread 0x00007fb5e8186000 nmethod 1636 0x00007fb5d84a0910 code [0x00007fb5d84a0b00, 0x00007fb5d84a13a8]

GC Heap History (2 events):
Event: 2,116 GC heap before
{Heap before GC invocations=1 (full 0):
 PSYoungGen      total 74752K, used 64512K [0x000000076cf00000, 0x0000000772200000, 0x00000007c0000000)
  eden space 64512K, 100% used [0x000000076cf00000,0x0000000770e00000,0x0000000770e00000)
  from space 10240K, 0% used [0x0000000771800000,0x0000000771800000,0x0000000772200000)
  to   space 10240K, 0% used [0x0000000770e00000,0x0000000770e00000,0x0000000771800000)
 ParOldGen       total 171008K, used 0K [0x00000006c6c00000, 0x00000006d1300000, 0x000000076cf00000)
  object space 171008K, 0% used [0x00000006c6c00000,0x00000006c6c00000,0x00000006d1300000)
 Metaspace       used 19506K, capacity 19927K, committed 20224K, reserved 1067008K
  class space    used 2115K, capacity 2251K, committed 2304K, reserved 1048576K
Event: 2,128 GC heap after
Heap after GC invocations=1 (full 0):
 PSYoungGen      total 74752K, used 7632K [0x000000076cf00000, 0x0000000772200000, 0x00000007c0000000)
  eden space 64512K, 0% used [0x000000076cf00000,0x000000076cf00000,0x0000000770e00000)
  from space 10240K, 74% used [0x0000000770e00000,0x0000000771574068,0x0000000771800000)
  to   space 10240K, 0% used [0x0000000771800000,0x0000000771800000,0x0000000772200000)
 ParOldGen       total 171008K, used 8K [0x00000006c6c00000, 0x00000006d1300000, 0x000000076cf00000)
  object space 171008K, 0% used [0x00000006c6c00000,0x00000006c6c02000,0x00000006d1300000)
 Metaspace       used 19506K, capacity 19927K, committed 20224K, reserved 1067008K
  class space    used 2115K, capacity 2251K, committed 2304K, reserved 1048576K
}

Deoptimization events (10 events):
Event: 2,042 Thread 0x00007fb58db5e000 Uncommon trap: reason=bimorphic action=maybe_recompile pc=0x00007fb5d840e0f0 method=java.util.HashMap.putVal(ILjava/lang/Object;Ljava/lang/Object;ZZ)Ljava/lang/Object; @ 253
Event: 2,043 Thread 0x00007fb58db5e000 Uncommon trap: reason=bimorphic action=maybe_recompile pc=0x00007fb5d840e0f0 method=java.util.HashMap.putVal(ILjava/lang/Object;Ljava/lang/Object;ZZ)Ljava/lang/Object; @ 253
Event: 2,045 Thread 0x00007fb58db5e000 Uncommon trap: reason=bimorphic action=maybe_recompile pc=0x00007fb5d840e0f0 method=java.util.HashMap.putVal(ILjava/lang/Object;Ljava/lang/Object;ZZ)Ljava/lang/Object; @ 253
Event: 2,045 Thread 0x00007fb58db5e000 Uncommon trap: reason=bimorphic action=maybe_recompile pc=0x00007fb5d840e0f0 method=java.util.HashMap.putVal(ILjava/lang/Object;Ljava/lang/Object;ZZ)Ljava/lang/Object; @ 253
Event: 2,050 Thread 0x00007fb58c043000 Uncommon trap: reason=class_check action=maybe_recompile pc=0x00007fb5d82ca434 method=java.util.TreeMap.getEntry(Ljava/lang/Object;)Ljava/util/TreeMap$Entry; @ 26
Event: 2,050 Thread 0x00007fb58c043000 Uncommon trap: reason=class_check action=maybe_recompile pc=0x00007fb5d82ca434 method=java.util.TreeMap.getEntry(Ljava/lang/Object;)Ljava/util/TreeMap$Entry; @ 26
Event: 2,050 Thread 0x00007fb58c043000 Uncommon trap: reason=class_check action=maybe_recompile pc=0x00007fb5d82ca434 method=java.util.TreeMap.getEntry(Ljava/lang/Object;)Ljava/util/TreeMap$Entry; @ 26
Event: 2,065 Thread 0x00007fb58db5e000 Uncommon trap: reason=class_check action=maybe_recompile pc=0x00007fb5d82b0eac method=java.util.TreeMap.getEntry(Ljava/lang/Object;)Ljava/util/TreeMap$Entry; @ 26
Event: 2,079 Thread 0x00007fb58db5e000 Uncommon trap: reason=unstable_if action=reinterpret pc=0x00007fb5d8440790 method=java.util.concurrent.locks.ReentrantLock$Sync.nonfairTryAcquire(I)Z @ 34
Event: 2,135 Thread 0x00007fb5e814c800 Uncommon trap: reason=unstable_if action=reinterpret pc=0x00007fb5d81a1d7c method=java.lang.ref.ReferenceQueue.poll()Ljava/lang/ref/Reference; @ 4

Classes redefined (0 events):
No events

Internal exceptions (10 events):
Event: 1,688 Thread 0x00007fb5e83df000 Exception <a 'java/lang/NullPointerException'> (0x00000007706c8d00) thrown at [/build/openjdk-8-4aHi5C/openjdk-8-8u232-b09/src/hotspot/src/share/vm/interpreter/linkResolver.cpp, line 1287]
Event: 1,707 Thread 0x00007fb58d95d000 Exception <a 'java/lang/InterruptedException': sleep interrupted> (0x000000077091c968) thrown at [/build/openjdk-8-4aHi5C/openjdk-8-8u232-b09/src/hotspot/src/share/vm/prims/jvm.cpp, line 3336]
Event: 1,811 Thread 0x00007fb58db5e000 Implicit null exception at 0x00007fb5d81fa975 to 0x00007fb5d81faba5
Event: 1,811 Thread 0x00007fb58db5e000 Implicit null exception at 0x00007fb5d83be79b to 0x00007fb5d83beedd
Event: 1,813 Thread 0x00007fb58db5e000 Implicit null exception at 0x00007fb5d81b1cef to 0x00007fb5d81b1d59
Event: 2,130 Thread 0x00007fb5e8191000 Exception <a 'java/lang/ArrayIndexOutOfBoundsException'> (0x000000076d046eb0) thrown at [/build/openjdk-8-4aHi5C/openjdk-8-8u232-b09/src/hotspot/src/share/vm/runtime/sharedRuntime.cpp, line 605]
Event: 2,130 Thread 0x00007fb5e8191000 Exception <a 'java/lang/ArrayIndexOutOfBoundsException'> (0x000000076d047a40) thrown at [/build/openjdk-8-4aHi5C/openjdk-8-8u232-b09/src/hotspot/src/share/vm/runtime/sharedRuntime.cpp, line 605]
Event: 2,130 Thread 0x00007fb5e8191000 Exception <a 'java/lang/ArrayIndexOutOfBoundsException'> (0x000000076d048810) thrown at [/build/openjdk-8-4aHi5C/openjdk-8-8u232-b09/src/hotspot/src/share/vm/runtime/sharedRuntime.cpp, line 605]
Event: 2,133 Thread 0x00007fb5e8191000 Exception <a 'java/lang/ArrayIndexOutOfBoundsException'> (0x000000076d0506b8) thrown at [/build/openjdk-8-4aHi5C/openjdk-8-8u232-b09/src/hotspot/src/share/vm/runtime/sharedRuntime.cpp, line 605]
Event: 2,133 Thread 0x00007fb5e8191000 Exception <a 'java/lang/ArrayIndexOutOfBoundsException'> (0x000000076d0522a0) thrown at [/build/openjdk-8-4aHi5C/openjdk-8-8u232-b09/src/hotspot/src/share/vm/runtime/sharedRuntime.cpp, line 605]

Events (10 events):
Event: 26892,976 loading class java/awt/Window$1DisposeAction
Event: 26892,992 loading class java/awt/Window$1DisposeAction done
Event: 26893,006 loading class sun/awt/X11/XUnmapEvent
Event: 26893,016 loading class sun/awt/X11/XUnmapEvent done
Event: 26893,042 loading class javax/swing/Autoscroller
Event: 26893,048 loading class javax/swing/Autoscroller done
Event: 26893,050 loading class java/awt/LightweightDispatcher$2
Event: 26893,052 loading class java/awt/LightweightDispatcher$2 done
Event: 26893,053 loading class java/awt/Component$FlipBufferStrategy
Event: 26893,057 loading class java/awt/Component$FlipBufferStrategy done


Dynamic libraries:
6c6c00000-6d1300000 rw-p 00000000 00:00 0 
6d1300000-76cf00000 ---p 00000000 00:00 0 
76cf00000-772200000 rw-p 00000000 00:00 0 
772200000-7c0000000 ---p 00000000 00:00 0 
7c0000000-7c0260000 rw-p 00000000 00:00 0 
7c0260000-800000000 ---p 00000000 00:00 0 
5557cefde000-5557cefdf000 r-xp 00000000 103:03 10993737                  /usr/lib/jvm/java-8-openjdk-amd64/jre/bin/java
5557cf1de000-5557cf1df000 r--p 00000000 103:03 10993737                  /usr/lib/jvm/java-8-openjdk-amd64/jre/bin/java
5557cf1df000-5557cf1e0000 rw-p 00001000 103:03 10993737                  /usr/lib/jvm/java-8-openjdk-amd64/jre/bin/java
5557d0ae7000-5557d0b08000 rw-p 00000000 00:00 0                          [heap]
7fb55c000000-7fb55c021000 rw-p 00000000 00:00 0 
7fb55c021000-7fb560000000 ---p 00000000 00:00 0 
7fb5635ff000-7fb56363f000 rw-p 00000000 00:00 0 
7fb56363f000-7fb5637ff000 ---p 00000000 00:00 0 
7fb5637ff000-7fb563800000 ---p 00000000 00:00 0 
7fb563800000-7fb563803000 ---p 00000000 00:00 0 
7fb563803000-7fb564000000 rw-p 00000000 00:00 0 
7fb564000000-7fb564021000 rw-p 00000000 00:00 0 
7fb564021000-7fb568000000 ---p 00000000 00:00 0 
7fb568000000-7fb568021000 rw-p 00000000 00:00 0 
7fb568021000-7fb56c000000 ---p 00000000 00:00 0 
7fb56c000000-7fb56c021000 rw-p 00000000 00:00 0 
7fb56c021000-7fb570000000 ---p 00000000 00:00 0 
7fb570000000-7fb570021000 rw-p 00000000 00:00 0 
7fb570021000-7fb574000000 ---p 00000000 00:00 0 
7fb574000000-7fb57424a000 rw-p 00000000 00:00 0 
7fb57424a000-7fb578000000 ---p 00000000 00:00 0 
7fb578151000-7fb578351000 rw-p 00000000 00:00 0 
7fb578351000-7fb578551000 rw-p 00000000 00:00 0 
7fb578551000-7fb578568000 r-xp 00000000 103:03 6097222                   /lib/x86_64-linux-gnu/libresolv-2.27.so
7fb578568000-7fb578768000 ---p 00017000 103:03 6097222                   /lib/x86_64-linux-gnu/libresolv-2.27.so
7fb578768000-7fb578769000 r--p 00017000 103:03 6097222                   /lib/x86_64-linux-gnu/libresolv-2.27.so
7fb578769000-7fb57876a000 rw-p 00018000 103:03 6097222                   /lib/x86_64-linux-gnu/libresolv-2.27.so
7fb57876a000-7fb57876c000 rw-p 00000000 00:00 0 
7fb57876c000-7fb5787f9000 r-xp 00000000 103:03 10457218                  /usr/lib/x86_64-linux-gnu/libvorbisenc.so.2.0.11
7fb5787f9000-7fb5789f8000 ---p 0008d000 103:03 10457218                  /usr/lib/x86_64-linux-gnu/libvorbisenc.so.2.0.11
7fb5789f8000-7fb578a14000 r--p 0008c000 103:03 10457218                  /usr/lib/x86_64-linux-gnu/libvorbisenc.so.2.0.11
7fb578a14000-7fb578a15000 rw-p 000a8000 103:03 10457218                  /usr/lib/x86_64-linux-gnu/libvorbisenc.so.2.0.11
7fb578a15000-7fb578a3f000 r-xp 00000000 103:03 10457216                  /usr/lib/x86_64-linux-gnu/libvorbis.so.0.4.8
7fb578a3f000-7fb578c3e000 ---p 0002a000 103:03 10457216                  /usr/lib/x86_64-linux-gnu/libvorbis.so.0.4.8
7fb578c3e000-7fb578c3f000 r--p 00029000 103:03 10457216                  /usr/lib/x86_64-linux-gnu/libvorbis.so.0.4.8
7fb578c3f000-7fb578c40000 rw-p 0002a000 103:03 10457216                  /usr/lib/x86_64-linux-gnu/libvorbis.so.0.4.8
7fb578c40000-7fb578c47000 r-xp 00000000 103:03 10456908                  /usr/lib/x86_64-linux-gnu/libogg.so.0.8.2
7fb578c47000-7fb578e47000 ---p 00007000 103:03 10456908                  /usr/lib/x86_64-linux-gnu/libogg.so.0.8.2
7fb578e47000-7fb578e48000 r--p 00007000 103:03 10456908                  /usr/lib/x86_64-linux-gnu/libogg.so.0.8.2
7fb578e48000-7fb578e49000 rw-p 00008000 103:03 10456908                  /usr/lib/x86_64-linux-gnu/libogg.so.0.8.2
7fb578e49000-7fb579049000 rw-p 00000000 00:00 0 
7fb579049000-7fb57904c000 ---p 00000000 00:00 0 
7fb57904c000-7fb57914a000 rw-p 00000000 00:00 0 
7fb5792ad000-7fb579322000 r-xp 00000000 103:03 10456056                  /usr/lib/x86_64-linux-gnu/libFLAC.so.8.3.0
7fb579322000-7fb579522000 ---p 00075000 103:03 10456056                  /usr/lib/x86_64-linux-gnu/libFLAC.so.8.3.0
7fb579522000-7fb579523000 r--p 00075000 103:03 10456056                  /usr/lib/x86_64-linux-gnu/libFLAC.so.8.3.0
7fb579523000-7fb579524000 rw-p 00076000 103:03 10456056                  /usr/lib/x86_64-linux-gnu/libFLAC.so.8.3.0
7fb579524000-7fb579529000 r-xp 00000000 103:03 10456191                  /usr/lib/x86_64-linux-gnu/libasyncns.so.0.3.1
7fb579529000-7fb579728000 ---p 00005000 103:03 10456191                  /usr/lib/x86_64-linux-gnu/libasyncns.so.0.3.1
7fb579728000-7fb579729000 r--p 00004000 103:03 10456191                  /usr/lib/x86_64-linux-gnu/libasyncns.so.0.3.1
7fb579729000-7fb57972a000 rw-p 00005000 103:03 10456191                  /usr/lib/x86_64-linux-gnu/libasyncns.so.0.3.1
7fb57972a000-7fb57979e000 r-xp 00000000 103:03 10453007                  /usr/lib/x86_64-linux-gnu/libsndfile.so.1.0.28
7fb57979e000-7fb57999d000 ---p 00074000 103:03 10453007                  /usr/lib/x86_64-linux-gnu/libsndfile.so.1.0.28
7fb57999d000-7fb5799a0000 r--p 00073000 103:03 10453007                  /usr/lib/x86_64-linux-gnu/libsndfile.so.1.0.28
7fb5799a0000-7fb5799a1000 rw-p 00076000 103:03 10453007                  /usr/lib/x86_64-linux-gnu/libsndfile.so.1.0.28
7fb5799a1000-7fb5799a3000 rw-p 00000000 00:00 0 
7fb5799a3000-7fb5799ab000 r-xp 00000000 103:03 6097253                   /lib/x86_64-linux-gnu/libwrap.so.0.7.6
7fb5799ab000-7fb579bab000 ---p 00008000 103:03 6097253                   /lib/x86_64-linux-gnu/libwrap.so.0.7.6
7fb579bab000-7fb579bac000 r--p 00008000 103:03 6097253                   /lib/x86_64-linux-gnu/libwrap.so.0.7.6
7fb579bac000-7fb579bad000 rw-p 00009000 103:03 6097253                   /lib/x86_64-linux-gnu/libwrap.so.0.7.6
7fb579bad000-7fb579c29000 r-xp 00000000 103:03 10503628                  /usr/lib/x86_64-linux-gnu/pulseaudio/libpulsecommon-11.1.so
7fb579c29000-7fb579e28000 ---p 0007c000 103:03 10503628                  /usr/lib/x86_64-linux-gnu/pulseaudio/libpulsecommon-11.1.so
7fb579e28000-7fb579e2a000 r--p 0007b000 103:03 10503628                  /usr/lib/x86_64-linux-gnu/pulseaudio/libpulsecommon-11.1.so
7fb579e2a000-7fb579e2b000 rw-p 0007d000 103:03 10503628                  /usr/lib/x86_64-linux-gnu/pulseaudio/libpulsecommon-11.1.so
7fb579e2b000-7fb579e79000 r-xp 00000000 103:03 10455305                  /usr/lib/x86_64-linux-gnu/libpulse.so.0.20.2
7fb579e79000-7fb57a078000 ---p 0004e000 103:03 10455305                  /usr/lib/x86_64-linux-gnu/libpulse.so.0.20.2
7fb57a078000-7fb57a07a000 r--p 0004d000 103:03 10455305                  /usr/lib/x86_64-linux-gnu/libpulse.so.0.20.2
7fb57a07a000-7fb57a07b000 rw-p 0004f000 103:03 10455305                  /usr/lib/x86_64-linux-gnu/libpulse.so.0.20.2
7fb57a07b000-7fb57a27b000 rw-p 00000000 00:00 0 
7fb57a27b000-7fb57a4fb000 rw-s 00000000 00:2e 484627                     /i915 (deleted)
7fb57a4fb000-7fb57a4fe000 ---p 00000000 00:00 0 
7fb57a4fe000-7fb57a5fc000 rw-p 00000000 00:00 0 
7fb57a5fc000-7fb57a5ff000 ---p 00000000 00:00 0 
7fb57a5ff000-7fb57a6fd000 rw-p 00000000 00:00 0 
7fb57a6fd000-7fb57a700000 ---p 00000000 00:00 0 
7fb57a700000-7fb57a7fe000 rw-p 00000000 00:00 0 
7fb57a7fe000-7fb57a7ff000 ---p 00000000 00:00 0 
7fb57a7ff000-7fb57afff000 rw-p 00000000 00:00 0 
7fb57afff000-7fb57b140000 rw-s 00000000 103:03 3541482                   /home/stefan/.cache/mesa_shader_cache/index
7fb57b140000-7fb57b148000 r-xp 00000000 103:03 10456947                  /usr/lib/x86_64-linux-gnu/libpciaccess.so.0.11.1
7fb57b148000-7fb57b347000 ---p 00008000 103:03 10456947                  /usr/lib/x86_64-linux-gnu/libpciaccess.so.0.11.1
7fb57b347000-7fb57b348000 r--p 00007000 103:03 10456947                  /usr/lib/x86_64-linux-gnu/libpciaccess.so.0.11.1
7fb57b348000-7fb57b349000 rw-p 00008000 103:03 10456947                  /usr/lib/x86_64-linux-gnu/libpciaccess.so.0.11.1
7fb57b349000-7fb57bcdc000 r-xp 00000000 103:03 10494242                  /usr/lib/x86_64-linux-gnu/dri/i965_dri.so
7fb57bcdc000-7fb57bedb000 ---p 00993000 103:03 10494242                  /usr/lib/x86_64-linux-gnu/dri/i965_dri.so
7fb57bedb000-7fb57bf42000 r--p 00992000 103:03 10494242                  /usr/lib/x86_64-linux-gnu/dri/i965_dri.so
7fb57bf42000-7fb57bf4e000 rw-p 009f9000 103:03 10494242                  /usr/lib/x86_64-linux-gnu/dri/i965_dri.so
7fb57bf4e000-7fb57c000000 rw-p 00000000 00:00 0 
7fb57c000000-7fb57c021000 rw-p 00000000 00:00 0 
7fb57c021000-7fb580000000 ---p 00000000 00:00 0 
7fb580040000-7fb580047000 r-xp 00000000 103:03 10455234                  /usr/lib/x86_64-linux-gnu/libdrm_nouveau.so.2.0.0
7fb580047000-7fb580246000 ---p 00007000 103:03 10455234                  /usr/lib/x86_64-linux-gnu/libdrm_nouveau.so.2.0.0
7fb580246000-7fb580247000 r--p 00006000 103:03 10455234                  /usr/lib/x86_64-linux-gnu/libdrm_nouveau.so.2.0.0
7fb580247000-7fb580248000 rw-p 00007000 103:03 10455234                  /usr/lib/x86_64-linux-gnu/libdrm_nouveau.so.2.0.0
7fb580248000-7fb580253000 r-xp 00000000 103:03 10456033                  /usr/lib/x86_64-linux-gnu/libdrm_radeon.so.1.0.1
7fb580253000-7fb580452000 ---p 0000b000 103:03 10456033                  /usr/lib/x86_64-linux-gnu/libdrm_radeon.so.1.0.1
7fb580452000-7fb580453000 r--p 0000a000 103:03 10456033                  /usr/lib/x86_64-linux-gnu/libdrm_radeon.so.1.0.1
7fb580453000-7fb580454000 rw-p 0000b000 103:03 10456033                  /usr/lib/x86_64-linux-gnu/libdrm_radeon.so.1.0.1
7fb580454000-7fb580476000 r-xp 00000000 103:03 10453433                  /usr/lib/x86_64-linux-gnu/libdrm_intel.so.1.0.0
7fb580476000-7fb580675000 ---p 00022000 103:03 10453433                  /usr/lib/x86_64-linux-gnu/libdrm_intel.so.1.0.0
7fb580675000-7fb580676000 r--p 00021000 103:03 10453433                  /usr/lib/x86_64-linux-gnu/libdrm_intel.so.1.0.0
7fb580676000-7fb580677000 rw-p 00022000 103:03 10453433                  /usr/lib/x86_64-linux-gnu/libdrm_intel.so.1.0.0
7fb580677000-7fb5806a6000 r-xp 00000000 103:03 6095129                   /lib/x86_64-linux-gnu/libexpat.so.1.6.7
7fb5806a6000-7fb5808a6000 ---p 0002f000 103:03 6095129                   /lib/x86_64-linux-gnu/libexpat.so.1.6.7
7fb5808a6000-7fb5808a8000 r--p 0002f000 103:03 6095129                   /lib/x86_64-linux-gnu/libexpat.so.1.6.7
7fb5808a8000-7fb5808a9000 rw-p 00031000 103:03 6095129                   /lib/x86_64-linux-gnu/libexpat.so.1.6.7
7fb5808a9000-7fb5808aa000 r-xp 00000000 103:03 10457327                  /usr/lib/x86_64-linux-gnu/libxshmfence.so.1.0.0
7fb5808aa000-7fb580aa9000 ---p 00001000 103:03 10457327                  /usr/lib/x86_64-linux-gnu/libxshmfence.so.1.0.0
7fb580aa9000-7fb580aaa000 r--p 00000000 103:03 10457327                  /usr/lib/x86_64-linux-gnu/libxshmfence.so.1.0.0
7fb580aaa000-7fb580aab000 rw-p 00001000 103:03 10457327                  /usr/lib/x86_64-linux-gnu/libxshmfence.so.1.0.0
7fb580aab000-7fb580ab0000 r-xp 00000000 103:03 10457286                  /usr/lib/x86_64-linux-gnu/libxcb-sync.so.1.0.0
7fb580ab0000-7fb580cb0000 ---p 00005000 103:03 10457286                  /usr/lib/x86_64-linux-gnu/libxcb-sync.so.1.0.0
7fb580cb0000-7fb580cb1000 r--p 00005000 103:03 10457286                  /usr/lib/x86_64-linux-gnu/libxcb-sync.so.1.0.0
7fb580cb1000-7fb580cb2000 rw-p 00006000 103:03 10457286                  /usr/lib/x86_64-linux-gnu/libxcb-sync.so.1.0.0
7fb580cb2000-7fb580cb4000 r-xp 00000000 103:03 10457278                  /usr/lib/x86_64-linux-gnu/libxcb-present.so.0.0.0
7fb580cb4000-7fb580eb3000 ---p 00002000 103:03 10457278                  /usr/lib/x86_64-linux-gnu/libxcb-present.so.0.0.0
7fb580eb3000-7fb580eb4000 r--p 00001000 103:03 10457278                  /usr/lib/x86_64-linux-gnu/libxcb-present.so.0.0.0
7fb580eb4000-7fb580eb5000 rw-p 00002000 103:03 10457278                  /usr/lib/x86_64-linux-gnu/libxcb-present.so.0.0.0
7fb580eb5000-7fb580eb8000 r-xp 00000000 103:03 10456043                  /usr/lib/x86_64-linux-gnu/libxcb-dri3.so.0.0.0
7fb580eb8000-7fb5810b7000 ---p 00003000 103:03 10456043                  /usr/lib/x86_64-linux-gnu/libxcb-dri3.so.0.0.0
7fb5810b7000-7fb5810b8000 r--p 00002000 103:03 10456043                  /usr/lib/x86_64-linux-gnu/libxcb-dri3.so.0.0.0
7fb5810b8000-7fb5810b9000 rw-p 00003000 103:03 10456043                  /usr/lib/x86_64-linux-gnu/libxcb-dri3.so.0.0.0
7fb5810b9000-7fb5810bb000 r-xp 00000000 103:03 10456116                  /usr/lib/x86_64-linux-gnu/libXdamage.so.1.1.0
7fb5810bb000-7fb5812ba000 ---p 00002000 103:03 10456116                  /usr/lib/x86_64-linux-gnu/libXdamage.so.1.1.0
7fb5812ba000-7fb5812bb000 r--p 00001000 103:03 10456116                  /usr/lib/x86_64-linux-gnu/libXdamage.so.1.1.0
7fb5812bb000-7fb5812bc000 rw-p 00002000 103:03 10456116                  /usr/lib/x86_64-linux-gnu/libXdamage.so.1.1.0
7fb5812bc000-7fb5812c0000 r-xp 00000000 103:03 10456041                  /usr/lib/x86_64-linux-gnu/libxcb-dri2.so.0.0.0
7fb5812c0000-7fb5814bf000 ---p 00004000 103:03 10456041                  /usr/lib/x86_64-linux-gnu/libxcb-dri2.so.0.0.0
7fb5814bf000-7fb5814c0000 r--p 00003000 103:03 10456041                  /usr/lib/x86_64-linux-gnu/libxcb-dri2.so.0.0.0
7fb5814c0000-7fb5814c1000 rw-p 00004000 103:03 10456041                  /usr/lib/x86_64-linux-gnu/libxcb-dri2.so.0.0.0
7fb5814c1000-7fb5814c2000 r-xp 00000000 103:03 10456514                  /usr/lib/x86_64-linux-gnu/libX11-xcb.so.1.0.0
7fb5814c2000-7fb5816c1000 ---p 00001000 103:03 10456514                  /usr/lib/x86_64-linux-gnu/libX11-xcb.so.1.0.0
7fb5816c1000-7fb5816c2000 r--p 00000000 103:03 10456514                  /usr/lib/x86_64-linux-gnu/libX11-xcb.so.1.0.0
7fb5816c2000-7fb5816c3000 rw-p 00001000 103:03 10456514                  /usr/lib/x86_64-linux-gnu/libX11-xcb.so.1.0.0
7fb5816c3000-7fb5816db000 r-xp 00000000 103:03 10457274                  /usr/lib/x86_64-linux-gnu/libxcb-glx.so.0.0.0
7fb5816db000-7fb5818db000 ---p 00018000 103:03 10457274                  /usr/lib/x86_64-linux-gnu/libxcb-glx.so.0.0.0
7fb5818db000-7fb5818dd000 r--p 00018000 103:03 10457274                  /usr/lib/x86_64-linux-gnu/libxcb-glx.so.0.0.0
7fb5818dd000-7fb5818de000 rw-p 0001a000 103:03 10457274                  /usr/lib/x86_64-linux-gnu/libxcb-glx.so.0.0.0
7fb5818de000-7fb5818ee000 r-xp 00000000 103:03 10453101                  /usr/lib/x86_64-linux-gnu/libdrm.so.2.4.0
7fb5818ee000-7fb581aed000 ---p 00010000 103:03 10453101                  /usr/lib/x86_64-linux-gnu/libdrm.so.2.4.0
7fb581aed000-7fb581aee000 r--p 0000f000 103:03 10453101                  /usr/lib/x86_64-linux-gnu/libdrm.so.2.4.0
7fb581aee000-7fb581aef000 rw-p 00010000 103:03 10453101                  /usr/lib/x86_64-linux-gnu/libdrm.so.2.4.0
7fb581aef000-7fb581b1b000 r-xp 00000000 103:03 10455375                  /usr/lib/x86_64-linux-gnu/libglapi.so.0.0.0
7fb581b1b000-7fb581d1b000 ---p 0002c000 103:03 10455375                  /usr/lib/x86_64-linux-gnu/libglapi.so.0.0.0
7fb581d1b000-7fb581d1f000 r--p 0002c000 103:03 10455375                  /usr/lib/x86_64-linux-gnu/libglapi.so.0.0.0
7fb581d1f000-7fb581d20000 rw-p 00030000 103:03 10455375                  /usr/lib/x86_64-linux-gnu/libglapi.so.0.0.0
7fb581d20000-7fb581d21000 rw-p 00000000 00:00 0 
7fb581d21000-7fb581d94000 r-xp 00000000 103:03 10455090                  /usr/lib/x86_64-linux-gnu/libGLX_mesa.so.0.0.0
7fb581d94000-7fb581f93000 ---p 00073000 103:03 10455090                  /usr/lib/x86_64-linux-gnu/libGLX_mesa.so.0.0.0
7fb581f93000-7fb581f96000 r--p 00072000 103:03 10455090                  /usr/lib/x86_64-linux-gnu/libGLX_mesa.so.0.0.0
7fb581f96000-7fb581f97000 rw-p 00075000 103:03 10455090                  /usr/lib/x86_64-linux-gnu/libGLX_mesa.so.0.0.0
7fb581f97000-7fb581f98000 rw-p 00000000 00:00 0 
7fb581f98000-7fb582006000 r-xp 00000000 103:03 10454286                  /usr/lib/x86_64-linux-gnu/libGLdispatch.so.0.0.0
7fb582006000-7fb582205000 ---p 0006e000 103:03 10454286                  /usr/lib/x86_64-linux-gnu/libGLdispatch.so.0.0.0
7fb582205000-7fb58222d000 r--p 0006d000 103:03 10454286                  /usr/lib/x86_64-linux-gnu/libGLdispatch.so.0.0.0
7fb58222d000-7fb58222e000 rw-p 00095000 103:03 10454286                  /usr/lib/x86_64-linux-gnu/libGLdispatch.so.0.0.0
7fb58222e000-7fb58224e000 rw-p 00000000 00:00 0 
7fb58224e000-7fb58225e000 r-xp 00000000 103:03 10454283                  /usr/lib/x86_64-linux-gnu/libGLX.so.0.0.0
7fb58225e000-7fb58245d000 ---p 00010000 103:03 10454283                  /usr/lib/x86_64-linux-gnu/libGLX.so.0.0.0
7fb58245d000-7fb58245e000 r--p 0000f000 103:03 10454283                  /usr/lib/x86_64-linux-gnu/libGLX.so.0.0.0
7fb58245e000-7fb58245f000 rw-p 00010000 103:03 10454283                  /usr/lib/x86_64-linux-gnu/libGLX.so.0.0.0
7fb58245f000-7fb58247f000 rw-p 00000000 00:00 0 
7fb58247f000-7fb5824f0000 r-xp 00000000 103:03 10457460                  /usr/lib/x86_64-linux-gnu/libGL.so.1.0.0
7fb5824f0000-7fb5826ef000 ---p 00071000 103:03 10457460                  /usr/lib/x86_64-linux-gnu/libGL.so.1.0.0
7fb5826ef000-7fb582709000 r--p 00070000 103:03 10457460                  /usr/lib/x86_64-linux-gnu/libGL.so.1.0.0
7fb582709000-7fb58270a000 rw-p 0008a000 103:03 10457460                  /usr/lib/x86_64-linux-gnu/libGL.so.1.0.0
7fb58270a000-7fb58270b000 rw-p 00000000 00:00 0 
7fb58270b000-7fb582710000 r-xp 00000000 103:03 10456156                  /usr/lib/x86_64-linux-gnu/libXxf86vm.so.1.0.0
7fb582710000-7fb58290f000 ---p 00005000 103:03 10456156                  /usr/lib/x86_64-linux-gnu/libXxf86vm.so.1.0.0
7fb58290f000-7fb582910000 r--p 00004000 103:03 10456156                  /usr/lib/x86_64-linux-gnu/libXxf86vm.so.1.0.0
7fb582910000-7fb582911000 rw-p 00005000 103:03 10456156                  /usr/lib/x86_64-linux-gnu/libXxf86vm.so.1.0.0
7fb582911000-7fb582981000 r-xp 00000000 103:03 3875196                   /home/stefan/PycharmProjects/CorpusCookApp/liblwjgl64.so
7fb582981000-7fb582b81000 ---p 00070000 103:03 3875196                   /home/stefan/PycharmProjects/CorpusCookApp/liblwjgl64.so
7fb582b81000-7fb582b83000 r--p 00070000 103:03 3875196                   /home/stefan/PycharmProjects/CorpusCookApp/liblwjgl64.so
7fb582b83000-7fb582b84000 rw-p 00072000 103:03 3875196                   /home/stefan/PycharmProjects/CorpusCookApp/liblwjgl64.so
7fb582b84000-7fb582b85000 r-xp 00000000 103:03 10993905                  /usr/lib/jvm/java-8-openjdk-amd64/jre/lib/amd64/libjawt.so
7fb582b85000-7fb582d84000 ---p 00001000 103:03 10993905                  /usr/lib/jvm/java-8-openjdk-amd64/jre/lib/amd64/libjawt.so
7fb582d84000-7fb582d85000 r--p 00000000 103:03 10993905                  /usr/lib/jvm/java-8-openjdk-amd64/jre/lib/amd64/libjawt.so
7fb582d85000-7fb582d86000 rw-p 00001000 103:03 10993905                  /usr/lib/jvm/java-8-openjdk-amd64/jre/lib/amd64/libjawt.so
7fb582d86000-7fb582d8f000 r-xp 00000000 103:03 10993993                  /usr/lib/jvm/java-8-openjdk-amd64/jre/lib/amd64/libmanagement.so
7fb582d8f000-7fb582f8e000 ---p 00009000 103:03 10993993                  /usr/lib/jvm/java-8-openjdk-amd64/jre/lib/amd64/libmanagement.so
7fb582f8e000-7fb582f8f000 r--p 00008000 103:03 10993993                  /usr/lib/jvm/java-8-openjdk-amd64/jre/lib/amd64/libmanagement.so
7fb582f8f000-7fb582f90000 rw-p 00009000 103:03 10993993                  /usr/lib/jvm/java-8-openjdk-amd64/jre/lib/amd64/libmanagement.so
7fb582f90000-7fb582fa4000 r-xp 00000000 103:03 6097124                   /lib/x86_64-linux-gnu/libgpg-error.so.0.22.0
7fb582fa4000-7fb5831a3000 ---p 00014000 103:03 6097124                   /lib/x86_64-linux-gnu/libgpg-error.so.0.22.0
7fb5831a3000-7fb5831a4000 r--p 00013000 103:03 6097124                   /lib/x86_64-linux-gnu/libgpg-error.so.0.22.0
7fb5831a4000-7fb5831a5000 rw-p 00014000 103:03 6097124                   /lib/x86_64-linux-gnu/libgpg-error.so.0.22.0
7fb5831a5000-7fb5832b9000 r-xp 00000000 103:03 6097122                   /lib/x86_64-linux-gnu/libgcrypt.so.20.2.1
7fb5832b9000-7fb5834b8000 ---p 00114000 103:03 6097122                   /lib/x86_64-linux-gnu/libgcrypt.so.20.2.1
7fb5834b8000-7fb5834ba000 r--p 00113000 103:03 6097122                   /lib/x86_64-linux-gnu/libgcrypt.so.20.2.1
7fb5834ba000-7fb5834bf000 rw-p 00115000 103:03 6097122                   /lib/x86_64-linux-gnu/libgcrypt.so.20.2.1
7fb5834bf000-7fb5834c0000 rw-p 00000000 00:00 0 
7fb5834c0000-7fb5834db000 r-xp 00000000 103:03 10456815                  /usr/lib/x86_64-linux-gnu/liblz4.so.1.7.1
7fb5834db000-7fb5836da000 ---p 0001b000 103:03 10456815                  /usr/lib/x86_64-linux-gnu/liblz4.so.1.7.1
7fb5836da000-7fb5836db000 r--p 0001a000 103:03 10456815                  /usr/lib/x86_64-linux-gnu/liblz4.so.1.7.1
7fb5836db000-7fb5836dc000 rw-p 0001b000 103:03 10456815                  /usr/lib/x86_64-linux-gnu/liblz4.so.1.7.1
7fb5836dc000-7fb583700000 r-xp 00000000 103:03 6097143                   /lib/x86_64-linux-gnu/liblzma.so.5.2.2
7fb583700000-7fb583900000 ---p 00024000 103:03 6097143                   /lib/x86_64-linux-gnu/liblzma.so.5.2.2
7fb583900000-7fb583901000 r--p 00024000 103:03 6097143                   /lib/x86_64-linux-gnu/liblzma.so.5.2.2
7fb583901000-7fb583902000 rw-p 00025000 103:03 6097143                   /lib/x86_64-linux-gnu/liblzma.so.5.2.2
7fb583902000-7fb583982000 r-xp 00000000 103:03 6094895                   /lib/x86_64-linux-gnu/libsystemd.so.0.21.0
7fb583982000-7fb583b81000 ---p 00080000 103:03 6094895                   /lib/x86_64-linux-gnu/libsystemd.so.0.21.0
7fb583b81000-7fb583b84000 r--p 0007f000 103:03 6094895                   /lib/x86_64-linux-gnu/libsystemd.so.0.21.0
7fb583b84000-7fb583b85000 rw-p 00082000 103:03 6094895                   /lib/x86_64-linux-gnu/libsystemd.so.0.21.0
7fb583b85000-7fb583b86000 rw-p 00000000 00:00 0 
7fb583b86000-7fb583bf6000 r-xp 00000000 103:03 6097205                   /lib/x86_64-linux-gnu/libpcre.so.3.13.3
7fb583bf6000-7fb583df6000 ---p 00070000 103:03 6097205                   /lib/x86_64-linux-gnu/libpcre.so.3.13.3
7fb583df6000-7fb583df7000 r--p 00070000 103:03 6097205                   /lib/x86_64-linux-gnu/libpcre.so.3.13.3
7fb583df7000-7fb583df8000 rw-p 00071000 103:03 6097205                   /lib/x86_64-linux-gnu/libpcre.so.3.13.3
7fb583df8000-7fb583dff000 r-xp 00000000 103:03 10456449                  /usr/lib/x86_64-linux-gnu/libffi.so.6.0.4
7fb583dff000-7fb583ffe000 ---p 00007000 103:03 10456449                  /usr/lib/x86_64-linux-gnu/libffi.so.6.0.4
7fb583ffe000-7fb583fff000 r--p 00006000 103:03 10456449                  /usr/lib/x86_64-linux-gnu/libffi.so.6.0.4
7fb583fff000-7fb584000000 rw-p 00007000 103:03 10456449                  /usr/lib/x86_64-linux-gnu/libffi.so.6.0.4
7fb584000000-7fb584021000 rw-p 00000000 00:00 0 
7fb584021000-7fb588000000 ---p 00000000 00:00 0 
7fb588000000-7fb588021000 rw-p 00000000 00:00 0 
7fb588021000-7fb58c000000 ---p 00000000 00:00 0 
7fb58c000000-7fb58dfe1000 rw-p 00000000 00:00 0 
7fb58dfe1000-7fb590000000 ---p 00000000 00:00 0 
7fb590000000-7fb590021000 rw-p 00000000 00:00 0 
7fb590021000-7fb594000000 ---p 00000000 00:00 0 
7fb59403f000-7fb594047000 rw-s 00000000 00:2e 484645                     /i915 (deleted)
7fb594047000-7fb59404a000 ---p 00000000 00:00 0 
7fb59404a000-7fb594148000 rw-p 00000000 00:00 0 
7fb594148000-7fb594168000 rw-s 00000000 103:03 3495910                   /home/stefan/#3495910 (deleted)
7fb594168000-7fb594194000 r-xp 00000000 103:03 10456197                  /usr/lib/x86_64-linux-gnu/libatspi.so.0.0.1
7fb594194000-7fb594394000 ---p 0002c000 103:03 10456197                  /usr/lib/x86_64-linux-gnu/libatspi.so.0.0.1
7fb594394000-7fb594397000 r--p 0002c000 103:03 10456197                  /usr/lib/x86_64-linux-gnu/libatspi.so.0.0.1
7fb594397000-7fb594398000 rw-p 0002f000 103:03 10456197                  /usr/lib/x86_64-linux-gnu/libatspi.so.0.0.1
7fb594398000-7fb5943e3000 r-xp 00000000 103:03 6095035                   /lib/x86_64-linux-gnu/libdbus-1.so.3.19.4
7fb5943e3000-7fb5945e3000 ---p 0004b000 103:03 6095035                   /lib/x86_64-linux-gnu/libdbus-1.so.3.19.4
7fb5945e3000-7fb5945e4000 r--p 0004b000 103:03 6095035                   /lib/x86_64-linux-gnu/libdbus-1.so.3.19.4
7fb5945e4000-7fb5945e5000 rw-p 0004c000 103:03 6095035                   /lib/x86_64-linux-gnu/libdbus-1.so.3.19.4
7fb5945e5000-7fb5946f9000 r-xp 00000000 103:03 10454368                  /usr/lib/x86_64-linux-gnu/libglib-2.0.so.0.5600.4
7fb5946f9000-7fb5948f9000 ---p 00114000 103:03 10454368                  /usr/lib/x86_64-linux-gnu/libglib-2.0.so.0.5600.4
7fb5948f9000-7fb5948fa000 r--p 00114000 103:03 10454368                  /usr/lib/x86_64-linux-gnu/libglib-2.0.so.0.5600.4
7fb5948fa000-7fb5948fb000 rw-p 00115000 103:03 10454368                  /usr/lib/x86_64-linux-gnu/libglib-2.0.so.0.5600.4
7fb5948fb000-7fb5948fc000 rw-p 00000000 00:00 0 
7fb5948fc000-7fb59494e000 r-xp 00000000 103:03 10455189                  /usr/lib/x86_64-linux-gnu/libgobject-2.0.so.0.5600.4
7fb59494e000-7fb594b4e000 ---p 00052000 103:03 10455189                  /usr/lib/x86_64-linux-gnu/libgobject-2.0.so.0.5600.4
7fb594b4e000-7fb594b4f000 r--p 00052000 103:03 10455189                  /usr/lib/x86_64-linux-gnu/libgobject-2.0.so.0.5600.4
7fb594b4f000-7fb594b50000 rw-p 00053000 103:03 10455189                  /usr/lib/x86_64-linux-gnu/libgobject-2.0.so.0.5600.4
7fb594b50000-7fb594b7e000 r-xp 00000000 103:03 10456195                  /usr/lib/x86_64-linux-gnu/libatk-bridge-2.0.so.0.0.0
7fb594b7e000-7fb594d7e000 ---p 0002e000 103:03 10456195                  /usr/lib/x86_64-linux-gnu/libatk-bridge-2.0.so.0.0.0
7fb594d7e000-7fb594d7f000 r--p 0002e000 103:03 10456195                  /usr/lib/x86_64-linux-gnu/libatk-bridge-2.0.so.0.0.0
7fb594d7f000-7fb594d80000 rw-p 0002f000 103:03 10456195                  /usr/lib/x86_64-linux-gnu/libatk-bridge-2.0.so.0.0.0
7fb594d80000-7fb594d81000 rw-p 00000000 00:00 0 
7fb594d81000-7fb594da3000 r-xp 00000000 103:03 10456193                  /usr/lib/x86_64-linux-gnu/libatk-1.0.so.0.22810.1
7fb594da3000-7fb594fa3000 ---p 00022000 103:03 10456193                  /usr/lib/x86_64-linux-gnu/libatk-1.0.so.0.22810.1
7fb594fa3000-7fb594fa6000 r--p 00022000 103:03 10456193                  /usr/lib/x86_64-linux-gnu/libatk-1.0.so.0.22810.1
7fb594fa6000-7fb594fa7000 rw-p 00025000 103:03 10456193                  /usr/lib/x86_64-linux-gnu/libatk-1.0.so.0.22810.1
7fb594fa7000-7fb594fbe000 r-xp 00000000 103:03 11501596                  /usr/lib/x86_64-linux-gnu/jni/libatk-wrapper.so.6.0.0
7fb594fbe000-7fb5951be000 ---p 00017000 103:03 11501596                  /usr/lib/x86_64-linux-gnu/jni/libatk-wrapper.so.6.0.0
7fb5951be000-7fb5951bf000 r--p 00017000 103:03 11501596                  /usr/lib/x86_64-linux-gnu/jni/libatk-wrapper.so.6.0.0
7fb5951bf000-7fb5951c0000 rw-p 00018000 103:03 11501596                  /usr/lib/x86_64-linux-gnu/jni/libatk-wrapper.so.6.0.0
7fb5951c0000-7fb5951c3000 ---p 00000000 00:00 0 
7fb5951c3000-7fb5953f9000 rw-p 00000000 00:00 0 
7fb5953f9000-7fb5953fc000 ---p 00000000 00:00 0 
7fb5953fc000-7fb5954fa000 rw-p 00000000 00:00 0 
7fb5954fa000-7fb5954ff000 r-xp 00000000 103:03 10456122                  /usr/lib/x86_64-linux-gnu/libXfixes.so.3.1.0
7fb5954ff000-7fb5956fe000 ---p 00005000 103:03 10456122                  /usr/lib/x86_64-linux-gnu/libXfixes.so.3.1.0
7fb5956fe000-7fb5956ff000 r--p 00004000 103:03 10456122                  /usr/lib/x86_64-linux-gnu/libXfixes.so.3.1.0
7fb5956ff000-7fb595700000 rw-p 00005000 103:03 10456122                  /usr/lib/x86_64-linux-gnu/libXfixes.so.3.1.0
7fb595700000-7fb595709000 r-xp 00000000 103:03 10456114                  /usr/lib/x86_64-linux-gnu/libXcursor.so.1.0.2
7fb595709000-7fb595908000 ---p 00009000 103:03 10456114                  /usr/lib/x86_64-linux-gnu/libXcursor.so.1.0.2
7fb595908000-7fb595909000 r--p 00008000 103:03 10456114                  /usr/lib/x86_64-linux-gnu/libXcursor.so.1.0.2
7fb595909000-7fb59590a000 rw-p 00009000 103:03 10456114                  /usr/lib/x86_64-linux-gnu/libXcursor.so.1.0.2
7fb59590a000-7fb59590d000 ---p 00000000 00:00 0 
7fb59590d000-7fb595a0b000 rw-p 00000000 00:00 0 
7fb595a0b000-7fb595a60000 r-xp 00000000 103:03 3875195                   /home/stefan/PycharmProjects/CorpusCookApp/libopenal64.so
7fb595a60000-7fb595c5f000 ---p 00055000 103:03 3875195                   /home/stefan/PycharmProjects/CorpusCookApp/libopenal64.so
7fb595c5f000-7fb595c62000 r--p 00054000 103:03 3875195                   /home/stefan/PycharmProjects/CorpusCookApp/libopenal64.so
7fb595c62000-7fb595c63000 rw-p 00057000 103:03 3875195                   /home/stefan/PycharmProjects/CorpusCookApp/libopenal64.so
7fb595c63000-7fb595c64000 rw-p 00000000 00:00 0 
7fb595c64000-7fb595e91000 r-xp 00000000 103:03 3875194                   /home/stefan/PycharmProjects/CorpusCookApp/libbulletjme.so
7fb595e91000-7fb596091000 ---p 0022d000 103:03 3875194                   /home/stefan/PycharmProjects/CorpusCookApp/libbulletjme.so
7fb596091000-7fb59609c000 r--p 0022d000 103:03 3875194                   /home/stefan/PycharmProjects/CorpusCookApp/libbulletjme.so
7fb59609c000-7fb5960a7000 rw-p 00238000 103:03 3875194                   /home/stefan/PycharmProjects/CorpusCookApp/libbulletjme.so
7fb5960a7000-7fb5960aa000 rw-p 00000000 00:00 0 
7fb5960aa000-7fb5960b4000 r-xp 00000000 103:03 10456138                  /usr/lib/x86_64-linux-gnu/libXrandr.so.2.2.0
7fb5960b4000-7fb5962b3000 ---p 0000a000 103:03 10456138                  /usr/lib/x86_64-linux-gnu/libXrandr.so.2.2.0
7fb5962b3000-7fb5962b4000 r--p 00009000 103:03 10456138                  /usr/lib/x86_64-linux-gnu/libXrandr.so.2.2.0
7fb5962b4000-7fb5962b5000 rw-p 0000a000 103:03 10456138                  /usr/lib/x86_64-linux-gnu/libXrandr.so.2.2.0
7fb5962b5000-7fb5962e6000 r-xp 00000000 103:03 10456634                  /usr/lib/x86_64-linux-gnu/libpng16.so.16.34.0
7fb5962e6000-7fb5964e5000 ---p 00031000 103:03 10456634                  /usr/lib/x86_64-linux-gnu/libpng16.so.16.34.0
7fb5964e5000-7fb5964e6000 r--p 00030000 103:03 10456634                  /usr/lib/x86_64-linux-gnu/libpng16.so.16.34.0
7fb5964e6000-7fb5964e7000 rw-p 00031000 103:03 10456634                  /usr/lib/x86_64-linux-gnu/libpng16.so.16.34.0
7fb5964e7000-7fb596594000 r-xp 00000000 103:03 10456481                  /usr/lib/x86_64-linux-gnu/libfreetype.so.6.15.0
7fb596594000-7fb596793000 ---p 000ad000 103:03 10456481                  /usr/lib/x86_64-linux-gnu/libfreetype.so.6.15.0
7fb596793000-7fb59679a000 r--p 000ac000 103:03 10456481                  /usr/lib/x86_64-linux-gnu/libfreetype.so.6.15.0
7fb59679a000-7fb59679b000 rw-p 000b3000 103:03 10456481                  /usr/lib/x86_64-linux-gnu/libfreetype.so.6.15.0
7fb59679b000-7fb5967eb000 r-xp 00000000 103:03 10993881                  /usr/lib/jvm/java-8-openjdk-amd64/jre/lib/amd64/libfontmanager.so
7fb5967eb000-7fb5969eb000 ---p 00050000 103:03 10993881                  /usr/lib/jvm/java-8-openjdk-amd64/jre/lib/amd64/libfontmanager.so
7fb5969eb000-7fb5969ed000 r--p 00050000 103:03 10993881                  /usr/lib/jvm/java-8-openjdk-amd64/jre/lib/amd64/libfontmanager.so
7fb5969ed000-7fb5969ee000 rw-p 00052000 103:03 10993881                  /usr/lib/jvm/java-8-openjdk-amd64/jre/lib/amd64/libfontmanager.so
7fb5969ee000-7fb596a01000 r-xp 00000000 103:03 6097079                   /lib/x86_64-linux-gnu/libbsd.so.0.8.7
7fb596a01000-7fb596c00000 ---p 00013000 103:03 6097079                   /lib/x86_64-linux-gnu/libbsd.so.0.8.7
7fb596c00000-7fb596c01000 r--p 00012000 103:03 6097079                   /lib/x86_64-linux-gnu/libbsd.so.0.8.7
7fb596c01000-7fb596c02000 rw-p 00013000 103:03 6097079                   /lib/x86_64-linux-gnu/libbsd.so.0.8.7
7fb596c02000-7fb596c03000 rw-p 00000000 00:00 0 
7fb596c03000-7fb596c08000 r-xp 00000000 103:03 10456118                  /usr/lib/x86_64-linux-gnu/libXdmcp.so.6.0.0
7fb596c08000-7fb596e07000 ---p 00005000 103:03 10456118                  /usr/lib/x86_64-linux-gnu/libXdmcp.so.6.0.0
7fb596e07000-7fb596e08000 r--p 00004000 103:03 10456118                  /usr/lib/x86_64-linux-gnu/libXdmcp.so.6.0.0
7fb596e08000-7fb596e09000 rw-p 00005000 103:03 10456118                  /usr/lib/x86_64-linux-gnu/libXdmcp.so.6.0.0
7fb596e09000-7fb596e0b000 r-xp 00000000 103:03 10456107                  /usr/lib/x86_64-linux-gnu/libXau.so.6.0.0
7fb596e0b000-7fb59700b000 ---p 00002000 103:03 10456107                  /usr/lib/x86_64-linux-gnu/libXau.so.6.0.0
7fb59700b000-7fb59700c000 r--p 00002000 103:03 10456107                  /usr/lib/x86_64-linux-gnu/libXau.so.6.0.0
7fb59700c000-7fb59700d000 rw-p 00003000 103:03 10456107                  /usr/lib/x86_64-linux-gnu/libXau.so.6.0.0
7fb59700d000-7fb597033000 r-xp 00000000 103:03 10457748                  /usr/lib/x86_64-linux-gnu/libxcb.so.1.1.0
7fb597033000-7fb597233000 ---p 00026000 103:03 10457748                  /usr/lib/x86_64-linux-gnu/libxcb.so.1.1.0
7fb597233000-7fb597234000 r--p 00026000 103:03 10457748                  /usr/lib/x86_64-linux-gnu/libxcb.so.1.1.0
7fb597234000-7fb597235000 rw-p 00027000 103:03 10457748                  /usr/lib/x86_64-linux-gnu/libxcb.so.1.1.0
7fb597235000-7fb597244000 r-xp 00000000 103:03 10456128                  /usr/lib/x86_64-linux-gnu/libXi.so.6.1.0
7fb597244000-7fb597443000 ---p 0000f000 103:03 10456128                  /usr/lib/x86_64-linux-gnu/libXi.so.6.1.0
7fb597443000-7fb597444000 r--p 0000e000 103:03 10456128                  /usr/lib/x86_64-linux-gnu/libXi.so.6.1.0
7fb597444000-7fb597445000 rw-p 0000f000 103:03 10456128                  /usr/lib/x86_64-linux-gnu/libXi.so.6.1.0
7fb597445000-7fb59744a000 r-xp 00000000 103:03 10456146                  /usr/lib/x86_64-linux-gnu/libXtst.so.6.1.0
7fb59744a000-7fb597649000 ---p 00005000 103:03 10456146                  /usr/lib/x86_64-linux-gnu/libXtst.so.6.1.0
7fb597649000-7fb59764a000 r--p 00004000 103:03 10456146                  /usr/lib/x86_64-linux-gnu/libXtst.so.6.1.0
7fb59764a000-7fb59764b000 rw-p 00005000 103:03 10456146                  /usr/lib/x86_64-linux-gnu/libXtst.so.6.1.0
7fb59764b000-7fb597654000 r-xp 00000000 103:03 10456140                  /usr/lib/x86_64-linux-gnu/libXrender.so.1.3.0
7fb597654000-7fb597853000 ---p 00009000 103:03 10456140                  /usr/lib/x86_64-linux-gnu/libXrender.so.1.3.0
7fb597853000-7fb597854000 r--p 00008000 103:03 10456140                  /usr/lib/x86_64-linux-gnu/libXrender.so.1.3.0
7fb597854000-7fb597855000 rw-p 00009000 103:03 10456140                  /usr/lib/x86_64-linux-gnu/libXrender.so.1.3.0
7fb597855000-7fb597988000 r-xp 00000000 103:03 10458116                  /usr/lib/x86_64-linux-gnu/libX11.so.6.3.0
7fb597988000-7fb597b88000 ---p 00133000 103:03 10458116                  /usr/lib/x86_64-linux-gnu/libX11.so.6.3.0
7fb597b88000-7fb597b89000 r--p 00133000 103:03 10458116                  /usr/lib/x86_64-linux-gnu/libX11.so.6.3.0
7fb597b89000-7fb597b8d000 rw-p 00134000 103:03 10458116                  /usr/lib/x86_64-linux-gnu/libX11.so.6.3.0
7fb597b8d000-7fb597b9e000 r-xp 00000000 103:03 10456120                  /usr/lib/x86_64-linux-gnu/libXext.so.6.4.0
7fb597b9e000-7fb597d9d000 ---p 00011000 103:03 10456120                  /usr/lib/x86_64-linux-gnu/libXext.so.6.4.0
7fb597d9d000-7fb597d9e000 r--p 00010000 103:03 10456120                  /usr/lib/x86_64-linux-gnu/libXext.so.6.4.0
7fb597d9e000-7fb597d9f000 rw-p 00011000 103:03 10456120                  /usr/lib/x86_64-linux-gnu/libXext.so.6.4.0
7fb597d9f000-7fb597dfb000 r-xp 00000000 103:03 10993876                  /usr/lib/jvm/java-8-openjdk-amd64/jre/lib/amd64/libawt_xawt.so
7fb597dfb000-7fb597ffa000 ---p 0005c000 103:03 10993876                  /usr/lib/jvm/java-8-openjdk-amd64/jre/lib/amd64/libawt_xawt.so
7fb597ffa000-7fb597ffb000 r--p 0005b000 103:03 10993876                  /usr/lib/jvm/java-8-openjdk-amd64/jre/lib/amd64/libawt_xawt.so
7fb597ffb000-7fb597ffe000 rw-p 0005c000 103:03 10993876                  /usr/lib/jvm/java-8-openjdk-amd64/jre/lib/amd64/libawt_xawt.so
7fb597ffe000-7fb598000000 rw-p 00000000 00:00 0 
7fb598000000-7fb5984d2000 rw-p 00000000 00:00 0 
7fb5984d2000-7fb59c000000 ---p 00000000 00:00 0 
7fb59c000000-7fb59c021000 rw-p 00000000 00:00 0 
7fb59c021000-7fb5a0000000 ---p 00000000 00:00 0 
7fb5a0000000-7fb5a01e1000 rw-p 00000000 00:00 0 
7fb5a01e1000-7fb5a4000000 ---p 00000000 00:00 0 
7fb5a4000000-7fb5a42c9000 rw-p 00000000 00:00 0 
7fb5a42c9000-7fb5a8000000 ---p 00000000 00:00 0 
7fb5a8000000-7fb5a8021000 rw-p 00000000 00:00 0 
7fb5a8021000-7fb5ac000000 ---p 00000000 00:00 0 
7fb5ac000000-7fb5ac021000 rw-p 00000000 00:00 0 
7fb5ac021000-7fb5b0000000 ---p 00000000 00:00 0 
7fb5b0000000-7fb5b0021000 rw-p 00000000 00:00 0 
7fb5b0021000-7fb5b4000000 ---p 00000000 00:00 0 
7fb5b4000000-7fb5b4021000 rw-p 00000000 00:00 0 
7fb5b4021000-7fb5b8000000 ---p 00000000 00:00 0 
7fb5b8000000-7fb5b8021000 rw-p 00000000 00:00 0 
7fb5b8021000-7fb5bc000000 ---p 00000000 00:00 0 
7fb5bc000000-7fb5bc021000 rw-p 00000000 00:00 0 
7fb5bc021000-7fb5c0000000 ---p 00000000 00:00 0 
7fb5c0000000-7fb5c0021000 rw-p 00000000 00:00 0 
7fb5c0021000-7fb5c4000000 ---p 00000000 00:00 0 
7fb5c4002000-7fb5c400c000 rw-s 00000000 00:2e 484459                     /i915 (deleted)
7fb5c400c000-7fb5c4014000 rw-s 00000000 00:2e 484598                     /i915 (deleted)
7fb5c4014000-7fb5c4034000 r-xs 00000000 103:03 3495910                   /home/stefan/#3495910 (deleted)
7fb5c4034000-7fb5c4037000 ---p 00000000 00:00 0 
7fb5c4037000-7fb5c4135000 rw-p 00000000 00:00 0 
7fb5c4135000-7fb5c4148000 r--s 00346000 103:03 10996288                  /usr/lib/jvm/java-8-openjdk-amd64/jre/lib/resources.jar
7fb5c4148000-7fb5c41e8000 r-xp 00000000 103:03 10993870                  /usr/lib/jvm/java-8-openjdk-amd64/jre/lib/amd64/libawt.so
7fb5c41e8000-7fb5c43e7000 ---p 000a0000 103:03 10993870                  /usr/lib/jvm/java-8-openjdk-amd64/jre/lib/amd64/libawt.so
7fb5c43e7000-7fb5c43e8000 r--p 0009f000 103:03 10993870                  /usr/lib/jvm/java-8-openjdk-amd64/jre/lib/amd64/libawt.so
7fb5c43e8000-7fb5c43f3000 rw-p 000a0000 103:03 10993870                  /usr/lib/jvm/java-8-openjdk-amd64/jre/lib/amd64/libawt.so
7fb5c43f3000-7fb5c7419000 rw-p 00000000 00:00 0 
7fb5c7419000-7fb5c7430000 r-xp 00000000 103:03 10993995                  /usr/lib/jvm/java-8-openjdk-amd64/jre/lib/amd64/libnet.so
7fb5c7430000-7fb5c762f000 ---p 00017000 103:03 10993995                  /usr/lib/jvm/java-8-openjdk-amd64/jre/lib/amd64/libnet.so
7fb5c762f000-7fb5c7630000 r--p 00016000 103:03 10993995                  /usr/lib/jvm/java-8-openjdk-amd64/jre/lib/amd64/libnet.so
7fb5c7630000-7fb5c7631000 rw-p 00017000 103:03 10993995                  /usr/lib/jvm/java-8-openjdk-amd64/jre/lib/amd64/libnet.so
7fb5c7631000-7fb5c8000000 r--p 00000000 103:03 10455285                  /usr/lib/locale/locale-archive
7fb5c8000000-7fb5c8021000 rw-p 00000000 00:00 0 
7fb5c8021000-7fb5cc000000 ---p 00000000 00:00 0 
7fb5cc001000-7fb5cc00b000 rw-s 00000000 00:2e 484596                     /i915 (deleted)
7fb5cc00b000-7fb5cc01c000 r-xp 00000000 103:03 10993996                  /usr/lib/jvm/java-8-openjdk-amd64/jre/lib/amd64/libnio.so
7fb5cc01c000-7fb5cc21c000 ---p 00011000 103:03 10993996                  /usr/lib/jvm/java-8-openjdk-amd64/jre/lib/amd64/libnio.so
7fb5cc21c000-7fb5cc21d000 r--p 00011000 103:03 10993996                  /usr/lib/jvm/java-8-openjdk-amd64/jre/lib/amd64/libnio.so
7fb5cc21d000-7fb5cc21e000 rw-p 00012000 103:03 10993996                  /usr/lib/jvm/java-8-openjdk-amd64/jre/lib/amd64/libnio.so
7fb5cc21e000-7fb5cc398000 r--s 12509000 103:03 6521503                   /home/stefan/eclipse-workspace/hal/target/hal-1-jar-with-dependencies.jar
7fb5cc398000-7fb5cc399000 ---p 00000000 00:00 0 
7fb5cc399000-7fb5cc499000 rw-p 00000000 00:00 0 
7fb5cc499000-7fb5cc49c000 ---p 00000000 00:00 0 
7fb5cc49c000-7fb5cc59a000 rw-p 00000000 00:00 0 
7fb5cc59a000-7fb5cc59b000 ---p 00000000 00:00 0 
7fb5cc59b000-7fb5cc59e000 ---p 00000000 00:00 0 
7fb5cc59e000-7fb5cc69b000 rw-p 00000000 00:00 0 
7fb5cc69b000-7fb5cc69c000 ---p 00000000 00:00 0 
7fb5cc69c000-7fb5cc69f000 ---p 00000000 00:00 0 
7fb5cc69f000-7fb5cc79c000 rw-p 00000000 00:00 0 
7fb5cc79c000-7fb5cc79d000 ---p 00000000 00:00 0 
7fb5cc79d000-7fb5cc7a0000 ---p 00000000 00:00 0 
7fb5cc7a0000-7fb5cc89d000 rw-p 00000000 00:00 0 
7fb5cc89d000-7fb5cc8a0000 ---p 00000000 00:00 0 
7fb5cc8a0000-7fb5cc99e000 rw-p 00000000 00:00 0 
7fb5cc99e000-7fb5cc9a1000 ---p 00000000 00:00 0 
7fb5cc9a1000-7fb5cca9f000 rw-p 00000000 00:00 0 
7fb5cca9f000-7fb5ccaa2000 ---p 00000000 00:00 0 
7fb5ccaa2000-7fb5ccba0000 rw-p 00000000 00:00 0 
7fb5ccba0000-7fb5ccba1000 ---p 00000000 00:00 0 
7fb5ccba1000-7fb5cdbfe000 rw-p 00000000 00:00 0 
7fb5cdbfe000-7fb5cddce000 r--s 03c5f000 103:03 10996290                  /usr/lib/jvm/java-8-openjdk-amd64/jre/lib/rt.jar
7fb5cddce000-7fb5d6aae000 rw-p 00000000 00:00 0 
7fb5d6aae000-7fb5d6aaf000 ---p 00000000 00:00 0 
7fb5d6aaf000-7fb5d6baf000 rw-p 00000000 00:00 0 
7fb5d6baf000-7fb5d6bb0000 ---p 00000000 00:00 0 
7fb5d6bb0000-7fb5d6cb0000 rw-p 00000000 00:00 0 
7fb5d6cb0000-7fb5d6cb1000 ---p 00000000 00:00 0 
7fb5d6cb1000-7fb5d6db1000 rw-p 00000000 00:00 0 
7fb5d6db1000-7fb5d6db2000 ---p 00000000 00:00 0 
7fb5d6db2000-7fb5d6f06000 rw-p 00000000 00:00 0 
7fb5d6f06000-7fb5d73e4000 ---p 00000000 00:00 0 
7fb5d73e4000-7fb5d7438000 rw-p 00000000 00:00 0 
7fb5d7438000-7fb5d7915000 ---p 00000000 00:00 0 
7fb5d7915000-7fb5d793f000 rw-p 00000000 00:00 0 
7fb5d793f000-7fb5d7bae000 ---p 00000000 00:00 0 
7fb5d7bae000-7fb5d7bc5000 rw-p 00000000 00:00 0 
7fb5d7bc5000-7fb5d7f6f000 ---p 00000000 00:00 0 
7fb5d7f6f000-7fb5d84bf000 rwxp 00000000 00:00 0 
7fb5d84bf000-7fb5e6f6f000 ---p 00000000 00:00 0 
7fb5e6f6f000-7fb5e6f77000 r-xp 00000000 103:03 10996148                  /usr/lib/jvm/java-8-openjdk-amd64/jre/lib/amd64/libzip.so
7fb5e6f77000-7fb5e7176000 ---p 00008000 103:03 10996148                  /usr/lib/jvm/java-8-openjdk-amd64/jre/lib/amd64/libzip.so
7fb5e7176000-7fb5e7177000 r--p 00007000 103:03 10996148                  /usr/lib/jvm/java-8-openjdk-amd64/jre/lib/amd64/libzip.so
7fb5e7177000-7fb5e7178000 rw-p 00008000 103:03 10996148                  /usr/lib/jvm/java-8-openjdk-amd64/jre/lib/amd64/libzip.so
7fb5e7178000-7fb5e7183000 r-xp 00000000 103:03 6097173                   /lib/x86_64-linux-gnu/libnss_files-2.27.so
7fb5e7183000-7fb5e7382000 ---p 0000b000 103:03 6097173                   /lib/x86_64-linux-gnu/libnss_files-2.27.so
7fb5e7382000-7fb5e7383000 r--p 0000a000 103:03 6097173                   /lib/x86_64-linux-gnu/libnss_files-2.27.so
7fb5e7383000-7fb5e7384000 rw-p 0000b000 103:03 6097173                   /lib/x86_64-linux-gnu/libnss_files-2.27.so
7fb5e7384000-7fb5e738a000 rw-p 00000000 00:00 0 
7fb5e738a000-7fb5e73a1000 r-xp 00000000 103:03 6097167                   /lib/x86_64-linux-gnu/libnsl-2.27.so
7fb5e73a1000-7fb5e75a0000 ---p 00017000 103:03 6097167                   /lib/x86_64-linux-gnu/libnsl-2.27.so
7fb5e75a0000-7fb5e75a1000 r--p 00016000 103:03 6097167                   /lib/x86_64-linux-gnu/libnsl-2.27.so
7fb5e75a1000-7fb5e75a2000 rw-p 00017000 103:03 6097167                   /lib/x86_64-linux-gnu/libnsl-2.27.so
7fb5e75a2000-7fb5e75a4000 rw-p 00000000 00:00 0 
7fb5e75a4000-7fb5e75af000 r-xp 00000000 103:03 6097184                   /lib/x86_64-linux-gnu/libnss_nis-2.27.so
7fb5e75af000-7fb5e77ae000 ---p 0000b000 103:03 6097184                   /lib/x86_64-linux-gnu/libnss_nis-2.27.so
7fb5e77ae000-7fb5e77af000 r--p 0000a000 103:03 6097184                   /lib/x86_64-linux-gnu/libnss_nis-2.27.so
7fb5e77af000-7fb5e77b0000 rw-p 0000b000 103:03 6097184                   /lib/x86_64-linux-gnu/libnss_nis-2.27.so
7fb5e77b0000-7fb5e77b8000 r-xp 00000000 103:03 6097169                   /lib/x86_64-linux-gnu/libnss_compat-2.27.so
7fb5e77b8000-7fb5e79b8000 ---p 00008000 103:03 6097169                   /lib/x86_64-linux-gnu/libnss_compat-2.27.so
7fb5e79b8000-7fb5e79b9000 r--p 00008000 103:03 6097169                   /lib/x86_64-linux-gnu/libnss_compat-2.27.so
7fb5e79b9000-7fb5e79ba000 rw-p 00009000 103:03 6097169                   /lib/x86_64-linux-gnu/libnss_compat-2.27.so
7fb5e79ba000-7fb5e79e4000 r-xp 00000000 103:03 10993898                  /usr/lib/jvm/java-8-openjdk-amd64/jre/lib/amd64/libjava.so
7fb5e79e4000-7fb5e7be3000 ---p 0002a000 103:03 10993898                  /usr/lib/jvm/java-8-openjdk-amd64/jre/lib/amd64/libjava.so
7fb5e7be3000-7fb5e7be4000 r--p 00029000 103:03 10993898                  /usr/lib/jvm/java-8-openjdk-amd64/jre/lib/amd64/libjava.so
7fb5e7be4000-7fb5e7be6000 rw-p 0002a000 103:03 10993898                  /usr/lib/jvm/java-8-openjdk-amd64/jre/lib/amd64/libjava.so
7fb5e7be6000-7fb5e7bf6000 r-xp 00000000 103:03 10996144                  /usr/lib/jvm/java-8-openjdk-amd64/jre/lib/amd64/libverify.so
7fb5e7bf6000-7fb5e7df5000 ---p 00010000 103:03 10996144                  /usr/lib/jvm/java-8-openjdk-amd64/jre/lib/amd64/libverify.so
7fb5e7df5000-7fb5e7df7000 r--p 0000f000 103:03 10996144                  /usr/lib/jvm/java-8-openjdk-amd64/jre/lib/amd64/libverify.so
7fb5e7df7000-7fb5e7df8000 rw-p 00011000 103:03 10996144                  /usr/lib/jvm/java-8-openjdk-amd64/jre/lib/amd64/libverify.so
7fb5e7df8000-7fb5e7dff000 r-xp 00000000 103:03 6097224                   /lib/x86_64-linux-gnu/librt-2.27.so
7fb5e7dff000-7fb5e7ffe000 ---p 00007000 103:03 6097224                   /lib/x86_64-linux-gnu/librt-2.27.so
7fb5e7ffe000-7fb5e7fff000 r--p 00006000 103:03 6097224                   /lib/x86_64-linux-gnu/librt-2.27.so
7fb5e7fff000-7fb5e8000000 rw-p 00007000 103:03 6097224                   /lib/x86_64-linux-gnu/librt-2.27.so
7fb5e8000000-7fb5e8464000 rw-p 00000000 00:00 0 
7fb5e8464000-7fb5ec000000 ---p 00000000 00:00 0 
7fb5ec006000-7fb5ec021000 r--s 001d6000 103:03 10996254                  /usr/lib/jvm/java-8-openjdk-amd64/jre/lib/ext/nashorn.jar
7fb5ec021000-7fb5ec038000 r-xp 00000000 103:03 6095137                   /lib/x86_64-linux-gnu/libgcc_s.so.1
7fb5ec038000-7fb5ec237000 ---p 00017000 103:03 6095137                   /lib/x86_64-linux-gnu/libgcc_s.so.1
7fb5ec237000-7fb5ec238000 r--p 00016000 103:03 6095137                   /lib/x86_64-linux-gnu/libgcc_s.so.1
7fb5ec238000-7fb5ec239000 rw-p 00017000 103:03 6095137                   /lib/x86_64-linux-gnu/libgcc_s.so.1
7fb5ec239000-7fb5ec3d6000 r-xp 00000000 103:03 6097146                   /lib/x86_64-linux-gnu/libm-2.27.so
7fb5ec3d6000-7fb5ec5d5000 ---p 0019d000 103:03 6097146                   /lib/x86_64-linux-gnu/libm-2.27.so
7fb5ec5d5000-7fb5ec5d6000 r--p 0019c000 103:03 6097146                   /lib/x86_64-linux-gnu/libm-2.27.so
7fb5ec5d6000-7fb5ec5d7000 rw-p 0019d000 103:03 6097146                   /lib/x86_64-linux-gnu/libm-2.27.so
7fb5ec5d7000-7fb5ec750000 r-xp 00000000 103:03 10453270                  /usr/lib/x86_64-linux-gnu/libstdc++.so.6.0.25
7fb5ec750000-7fb5ec950000 ---p 00179000 103:03 10453270                  /usr/lib/x86_64-linux-gnu/libstdc++.so.6.0.25
7fb5ec950000-7fb5ec95a000 r--p 00179000 103:03 10453270                  /usr/lib/x86_64-linux-gnu/libstdc++.so.6.0.25
7fb5ec95a000-7fb5ec95c000 rw-p 00183000 103:03 10453270                  /usr/lib/x86_64-linux-gnu/libstdc++.so.6.0.25
7fb5ec95c000-7fb5ec960000 rw-p 00000000 00:00 0 
7fb5ec960000-7fb5ed602000 r-xp 00000000 103:03 10996152                  /usr/lib/jvm/java-8-openjdk-amd64/jre/lib/amd64/server/libjvm.so
7fb5ed602000-7fb5ed801000 ---p 00ca2000 103:03 10996152                  /usr/lib/jvm/java-8-openjdk-amd64/jre/lib/amd64/server/libjvm.so
7fb5ed801000-7fb5ed895000 r--p 00ca1000 103:03 10996152                  /usr/lib/jvm/java-8-openjdk-amd64/jre/lib/amd64/server/libjvm.so
7fb5ed895000-7fb5ed8be000 rw-p 00d35000 103:03 10996152                  /usr/lib/jvm/java-8-openjdk-amd64/jre/lib/amd64/server/libjvm.so
7fb5ed8be000-7fb5ed8ee000 rw-p 00000000 00:00 0 
7fb5ed8ee000-7fb5ed908000 r-xp 00000000 103:03 6097216                   /lib/x86_64-linux-gnu/libpthread-2.27.so
7fb5ed908000-7fb5edb07000 ---p 0001a000 103:03 6097216                   /lib/x86_64-linux-gnu/libpthread-2.27.so
7fb5edb07000-7fb5edb08000 r--p 00019000 103:03 6097216                   /lib/x86_64-linux-gnu/libpthread-2.27.so
7fb5edb08000-7fb5edb09000 rw-p 0001a000 103:03 6097216                   /lib/x86_64-linux-gnu/libpthread-2.27.so
7fb5edb09000-7fb5edb0d000 rw-p 00000000 00:00 0 
7fb5edb0d000-7fb5edb10000 r-xp 00000000 103:03 6097106                   /lib/x86_64-linux-gnu/libdl-2.27.so
7fb5edb10000-7fb5edd0f000 ---p 00003000 103:03 6097106                   /lib/x86_64-linux-gnu/libdl-2.27.so
7fb5edd0f000-7fb5edd10000 r--p 00002000 103:03 6097106                   /lib/x86_64-linux-gnu/libdl-2.27.so
7fb5edd10000-7fb5edd11000 rw-p 00003000 103:03 6097106                   /lib/x86_64-linux-gnu/libdl-2.27.so
7fb5edd11000-7fb5edd2d000 r-xp 00000000 103:03 6097255                   /lib/x86_64-linux-gnu/libz.so.1.2.11
7fb5edd2d000-7fb5edf2c000 ---p 0001c000 103:03 6097255                   /lib/x86_64-linux-gnu/libz.so.1.2.11
7fb5edf2c000-7fb5edf2d000 r--p 0001b000 103:03 6097255                   /lib/x86_64-linux-gnu/libz.so.1.2.11
7fb5edf2d000-7fb5edf2e000 rw-p 0001c000 103:03 6097255                   /lib/x86_64-linux-gnu/libz.so.1.2.11
7fb5edf2e000-7fb5ee115000 r-xp 00000000 103:03 6097083                   /lib/x86_64-linux-gnu/libc-2.27.so
7fb5ee115000-7fb5ee315000 ---p 001e7000 103:03 6097083                   /lib/x86_64-linux-gnu/libc-2.27.so
7fb5ee315000-7fb5ee319000 r--p 001e7000 103:03 6097083                   /lib/x86_64-linux-gnu/libc-2.27.so
7fb5ee319000-7fb5ee31b000 rw-p 001eb000 103:03 6097083                   /lib/x86_64-linux-gnu/libc-2.27.so
7fb5ee31b000-7fb5ee31f000 rw-p 00000000 00:00 0 
7fb5ee31f000-7fb5ee32d000 r-xp 00000000 103:03 10993750                  /usr/lib/jvm/java-8-openjdk-amd64/jre/lib/amd64/jli/libjli.so
7fb5ee32d000-7fb5ee52c000 ---p 0000e000 103:03 10993750                  /usr/lib/jvm/java-8-openjdk-amd64/jre/lib/amd64/jli/libjli.so
7fb5ee52c000-7fb5ee52d000 r--p 0000d000 103:03 10993750                  /usr/lib/jvm/java-8-openjdk-amd64/jre/lib/amd64/jli/libjli.so
7fb5ee52d000-7fb5ee52e000 rw-p 0000e000 103:03 10993750                  /usr/lib/jvm/java-8-openjdk-amd64/jre/lib/amd64/jli/libjli.so
7fb5ee52e000-7fb5ee555000 r-xp 00000000 103:03 6097055                   /lib/x86_64-linux-gnu/ld-2.27.so
7fb5ee555000-7fb5ee559000 rw-s 00000000 00:2e 484595                     /i915 (deleted)
7fb5ee559000-7fb5ee55a000 rwxp 00000000 00:00 0 
7fb5ee55a000-7fb5ee561000 r--s 00000000 103:03 10496511                  /usr/lib/x86_64-linux-gnu/gconv/gconv-modules.cache
7fb5ee561000-7fb5ee56b000 r--s 00116000 103:03 10996252                  /usr/lib/jvm/java-8-openjdk-amd64/jre/lib/ext/localedata.jar
7fb5ee56b000-7fb5ee586000 r--s 00394000 103:03 10996242                  /usr/lib/jvm/java-8-openjdk-amd64/jre/lib/ext/cldrdata.jar
7fb5ee586000-7fb5ee62f000 rw-p 00000000 00:00 0 
7fb5ee62f000-7fb5ee630000 ---p 00000000 00:00 0 
7fb5ee630000-7fb5ee633000 ---p 00000000 00:00 0 
7fb5ee633000-7fb5ee732000 rw-p 00000000 00:00 0 
7fb5ee732000-7fb5ee736000 rw-s 00000000 00:2e 484613                     /i915 (deleted)
7fb5ee736000-7fb5ee737000 r--s 00010000 103:03 10996262                  /usr/lib/jvm/java-8-openjdk-amd64/jre/lib/ext/zipfs.jar
7fb5ee737000-7fb5ee738000 r--s 0000a000 103:03 10996250                  /usr/lib/jvm/java-8-openjdk-amd64/jre/lib/ext/jaccess.jar
7fb5ee738000-7fb5ee73d000 r--s 0003d000 103:03 10996258                  /usr/lib/jvm/java-8-openjdk-amd64/jre/lib/ext/sunjce_provider.jar
7fb5ee73d000-7fb5ee73e000 r--s 0000d000 103:03 10996256                  /usr/lib/jvm/java-8-openjdk-amd64/jre/lib/ext/sunec.jar
7fb5ee73e000-7fb5ee741000 r--s 0000f000 103:03 10996248                  /usr/lib/jvm/java-8-openjdk-amd64/jre/lib/ext/icedtea-sound.jar
7fb5ee741000-7fb5ee743000 r--s 00001000 103:03 10996246                  /usr/lib/jvm/java-8-openjdk-amd64/jre/lib/ext/dnsns.jar
7fb5ee743000-7fb5ee747000 r--s 0003a000 103:03 10996260                  /usr/lib/jvm/java-8-openjdk-amd64/jre/lib/ext/sunpkcs11.jar
7fb5ee747000-7fb5ee749000 r--s 00007000 103:03 10510529                  /usr/share/java/java-atk-wrapper.jar
7fb5ee749000-7fb5ee751000 rw-s 00000000 103:03 2220115                   /tmp/hsperfdata_stefan/7842
7fb5ee751000-7fb5ee752000 rw-p 00000000 00:00 0 
7fb5ee752000-7fb5ee753000 r--p 00000000 00:00 0 
7fb5ee753000-7fb5ee755000 rw-p 00000000 00:00 0 
7fb5ee755000-7fb5ee756000 r--p 00027000 103:03 6097055                   /lib/x86_64-linux-gnu/ld-2.27.so
7fb5ee756000-7fb5ee757000 rw-p 00028000 103:03 6097055                   /lib/x86_64-linux-gnu/ld-2.27.so
7fb5ee757000-7fb5ee758000 rw-p 00000000 00:00 0 
7ffcef7f8000-7ffcef819000 rw-p 00000000 00:00 0                          [stack]
7ffcef8b7000-7ffcef8ba000 r--p 00000000 00:00 0                          [vvar]
7ffcef8ba000-7ffcef8bc000 r-xp 00000000 00:00 0                          [vdso]
ffffffffff600000-ffffffffff601000 r-xp 00000000 00:00 0                  [vsyscall]

VM Arguments:
java_command: /home/stefan/eclipse-workspace/hal/target/hal-1-jar-with-dependencies.jar -all ../KnowledgeScience/knowledge_graph_coords/knowledge_graph_3d_choords.csv -c ../KnowledgeScience/knowledge_graph_coords/kn_clusters_mean_points.csv -p ../KnowledgeScience/knowledge_graph_coords/tsne_clusters_mean_points.csv -h
java_class_path (initial): /home/stefan/eclipse-workspace/hal/target/hal-1-jar-with-dependencies.jar
Launcher Type: SUN_STANDARD

Environment Variables:
JAVA_HOME=/usr/lib/jvm/java-8-openjdk-amd64/jre
PATH=/home/stefan/PycharmProjects/CorpusCookApp/venv/bin:/home/stefan/bin:/usr/local/sbin:/usr/local/bin:/usr/sbin:/usr/bin:/sbin:/bin:/usr/games:/usr/local/games:/snap/bin
USERNAME=stefan
SHELL=/usr/bin/zsh
DISPLAY=:0

Signal Handlers:
SIGSEGV: [libjvm.so+0xabafd0], sa_mask[0]=11111111011111111101111111111110, sa_flags=SA_RESTART|SA_SIGINFO
SIGBUS: [libjvm.so+0xabafd0], sa_mask[0]=11111111011111111101111111111110, sa_flags=SA_RESTART|SA_SIGINFO
SIGFPE: [libjvm.so+0x8f05b0], sa_mask[0]=11111111011111111101111111111110, sa_flags=SA_RESTART|SA_SIGINFO
SIGPIPE: [libjvm.so+0x8f05b0], sa_mask[0]=11111111011111111101111111111110, sa_flags=SA_RESTART|SA_SIGINFO
SIGXFSZ: [libjvm.so+0x8f05b0], sa_mask[0]=11111111011111111101111111111110, sa_flags=SA_RESTART|SA_SIGINFO
SIGILL: [libjvm.so+0x8f05b0], sa_mask[0]=11111111011111111101111111111110, sa_flags=SA_RESTART|SA_SIGINFO
SIGUSR1: SIG_DFL, sa_mask[0]=00000000000000000000000000000000, sa_flags=none
SIGUSR2: [libjvm.so+0x8f0460], sa_mask[0]=00100000000000000000000000000000, sa_flags=SA_RESTART|SA_SIGINFO
SIGHUP: [libjvm.so+0x8f0ad0], sa_mask[0]=11111111011111111101111111111110, sa_flags=SA_RESTART|SA_SIGINFO
SIGINT: [libjvm.so+0x8f0ad0], sa_mask[0]=11111111011111111101111111111110, sa_flags=SA_RESTART|SA_SIGINFO
SIGTERM: [libjvm.so+0x8f0ad0], sa_mask[0]=11111111011111111101111111111110, sa_flags=SA_RESTART|SA_SIGINFO
SIGQUIT: [libjvm.so+0x8f0ad0], sa_mask[0]=11111111011111111101111111111110, sa_flags=SA_RESTART|SA_SIGINFO


---------------  S Y S T E M  ---------------

OS:DISTRIB_ID=Ubuntu
DISTRIB_RELEASE=18.04
DISTRIB_CODENAME=bionic
DISTRIB_DESCRIPTION="Ubuntu 18.04.3 LTS"

uname:Linux 4.15.0-72-generic #81-Ubuntu SMP Tue Nov 26 12:20:02 UTC 2019 x86_64
libc:glibc 2.27 NPTL 2.27 
rlimit: STACK 8192k, CORE 0k, NPROC 63235, NOFILE 1048576, AS infinity
load average:3,79 3,84 3,91

/proc/meminfo:
MemTotal:       16331004 kB
MemFree:         5080108 kB
MemAvailable:    6411844 kB
Buffers:          218112 kB
Cached:          3516204 kB
SwapCached:       155424 kB
Active:          7057792 kB
Inactive:        3597840 kB
Active(anon):    6521892 kB
Inactive(anon):  2622480 kB
Active(file):     535900 kB
Inactive(file):   975360 kB
Unevictable:         828 kB
Mlocked:             828 kB
SwapTotal:       8388592 kB
SwapFree:        4105672 kB
Dirty:              1896 kB
Writeback:             0 kB
AnonPages:       6767840 kB
Mapped:          1502584 kB
Shmem:           2222932 kB
Slab:             312844 kB
SReclaimable:     155924 kB
SUnreclaim:       156920 kB
KernelStack:       26784 kB
PageTables:       116112 kB
NFS_Unstable:          0 kB
Bounce:                0 kB
WritebackTmp:          0 kB
CommitLimit:    16554092 kB
Committed_AS:   26581236 kB
VmallocTotal:   34359738367 kB
VmallocUsed:           0 kB
VmallocChunk:          0 kB
HardwareCorrupted:     0 kB
AnonHugePages:         0 kB
ShmemHugePages:        0 kB
ShmemPmdMapped:        0 kB
CmaTotal:              0 kB
CmaFree:               0 kB
HugePages_Total:       0
HugePages_Free:        0
HugePages_Rsvd:        0
HugePages_Surp:        0
Hugepagesize:       2048 kB
DirectMap4k:      719392 kB
DirectMap2M:    15964160 kB
DirectMap1G:           0 kB

container (cgroup) information:
container_type: cgroupv1
cpu_cpuset_cpus: 0-3
cpu_memory_nodes: 0
active_processor_count: 4
cpu_quota: -1
cpu_period: 100000
cpu_shares: -1
memory_limit_in_bytes: -1
memory_and_swap_limit_in_bytes: -2
memory_soft_limit_in_bytes: -1
memory_usage_in_bytes: 10318364672
memory_max_usage_in_bytes: 15912792064


CPU:total 4 (initial active 4) (2 cores per cpu, 2 threads per core) family 6 model 142 stepping 9, cmov, cx8, fxsr, mmx, sse, sse2, sse3, ssse3, sse4.1, sse4.2, popcnt, avx, avx2, aes, clmul, erms, 3dnowpref, lzcnt, ht, tsc, tscinvbit, bmi1, bmi2, adx

/proc/cpuinfo:
processor	: 0
vendor_id	: GenuineIntel
cpu family	: 6
model		: 142
model name	: Intel(R) Core(TM) i7-7500U CPU @ 2.70GHz
stepping	: 9
microcode	: 0xca
cpu MHz		: 3143.827
cache size	: 4096 KB
physical id	: 0
siblings	: 4
core id		: 0
cpu cores	: 2
apicid		: 0
initial apicid	: 0
fpu		: yes
fpu_exception	: yes
cpuid level	: 22
wp		: yes
flags		: fpu vme de pse tsc msr pae mce cx8 apic sep mtrr pge mca cmov pat pse36 clflush dts acpi mmx fxsr sse sse2 ss ht tm pbe syscall nx pdpe1gb rdtscp lm constant_tsc art arch_perfmon pebs bts rep_good nopl xtopology nonstop_tsc cpuid aperfmperf tsc_known_freq pni pclmulqdq dtes64 monitor ds_cpl vmx est tm2 ssse3 sdbg fma cx16 xtpr pdcm pcid sse4_1 sse4_2 x2apic movbe popcnt tsc_deadline_timer aes xsave avx f16c rdrand lahf_lm abm 3dnowprefetch cpuid_fault invpcid_single pti ssbd ibrs ibpb stibp tpr_shadow vnmi flexpriority ept vpid fsgsbase tsc_adjust bmi1 avx2 smep bmi2 erms invpcid mpx rdseed adx smap clflushopt intel_pt xsaveopt xsavec xgetbv1 xsaves dtherm ida arat pln pts hwp hwp_notify hwp_act_window hwp_epp md_clear flush_l1d
bugs		: cpu_meltdown spectre_v1 spectre_v2 spec_store_bypass l1tf mds swapgs itlb_multihit
bogomips	: 5808.00
clflush size	: 64
cache_alignment	: 64
address sizes	: 39 bits physical, 48 bits virtual
power management:

processor	: 1
vendor_id	: GenuineIntel
cpu family	: 6
model		: 142
model name	: Intel(R) Core(TM) i7-7500U CPU @ 2.70GHz
stepping	: 9
microcode	: 0xca
cpu MHz		: 3185.491
cache size	: 4096 KB
physical id	: 0
siblings	: 4
core id		: 1
cpu cores	: 2
apicid		: 2
initial apicid	: 2
fpu		: yes
fpu_exception	: yes
cpuid level	: 22
wp		: yes
flags		: fpu vme de pse tsc msr pae mce cx8 apic sep mtrr pge mca cmov pat pse36 clflush dts acpi mmx fxsr sse sse2 ss ht tm pbe syscall nx pdpe1gb rdtscp lm constant_tsc art arch_perfmon pebs bts rep_good nopl xtopology nonstop_tsc cpuid aperfmperf tsc_known_freq pni pclmulqdq dtes64 monitor ds_cpl vmx est tm2 ssse3 sdbg fma cx16 xtpr pdcm pcid sse4_1 sse4_2 x2apic movbe popcnt tsc_deadline_timer aes xsave avx f16c rdrand lahf_lm abm 3dnowprefetch cpuid_fault invpcid_single pti tpr_shadow vnmi flexpriority ept vpid fsgsbase tsc_adjust bmi1 avx2 smep bmi2 erms invpcid mpx rdseed adx smap clflushopt intel_pt xsaveopt xsavec xgetbv1 xsaves dtherm ida arat pln pts hwp hwp_notify hwp_act_window hwp_epp
bugs		: cpu_meltdown spectre_v1 spectre_v2 spec_store_bypass l1tf mds swapgs itlb_multihit
bogomips	: 5808.00
clflush size	: 64
cache_alignment	: 64
address sizes	: 39 bits physical, 48 bits virtual
power management:

processor	: 2
vendor_id	: GenuineIntel
cpu family	: 6
model		: 142
model name	: Intel(R) Core(TM) i7-7500U CPU @ 2.70GHz
stepping	: 9
microcode	: 0xca
cpu MHz		: 3128.191
cache size	: 4096 KB
physical id	: 0
siblings	: 4
core id		: 0
cpu cores	: 2
apicid		: 1
initial apicid	: 1
fpu		: yes
fpu_exception	: yes
cpuid level	: 22
wp		: yes
flags		: fpu vme de pse tsc msr pae mce cx8 apic sep mtrr pge mca cmov pat pse36 clflush dts acpi mmx fxsr sse sse2 ss ht tm pbe syscall nx pdpe1gb rdtscp lm constant_tsc art arch_perfmon pebs bts rep_good nopl xtopology nonstop_tsc cpuid aperfmperf tsc_known_freq pni pclmulqdq dtes64 monitor ds_cpl vmx est tm2 ssse3 sdbg fma cx16 xtpr pdcm pcid sse4_1 sse4_2 x2apic movbe popcnt tsc_deadline_timer aes xsave avx f16c rdrand lahf_lm abm 3dnowprefetch cpuid_fault invpcid_single pti tpr_shadow vnmi flexpriority ept vpid fsgsbase tsc_adjust bmi1 avx2 smep bmi2 erms invpcid mpx rdseed adx smap clflushopt intel_pt xsaveopt xsavec xgetbv1 xsaves dtherm ida arat pln pts hwp hwp_notify hwp_act_window hwp_epp md_clear flush_l1d
bugs		: cpu_meltdown spectre_v1 spectre_v2 spec_store_bypass l1tf mds swapgs itlb_multihit
bogomips	: 5808.00
clflush size	: 64
cache_alignment	: 64
address sizes	: 39 bits physical, 48 bits virtual
power management:

processor	: 3
vendor_id	: GenuineIntel
cpu family	: 6
model		: 142
model name	: Intel(R) Core(TM) i7-7500U CPU @ 2.70GHz
stepping	: 9
microcode	: 0xca
cpu MHz		: 3229.495
cache size	: 4096 KB
physical id	: 0
siblings	: 4
core id		: 1
cpu cores	: 2
apicid		: 3
initial apicid	: 3
fpu		: yes
fpu_exception	: yes
cpuid level	: 22
wp		: yes
flags		: fpu vme de pse tsc msr pae mce cx8 apic sep mtrr pge mca cmov pat pse36 clflush dts acpi mmx fxsr sse sse2 ss ht tm pbe syscall nx pdpe1gb rdtscp lm constant_tsc art arch_perfmon pebs bts rep_good nopl xtopology nonstop_tsc cpuid aperfmperf tsc_known_freq pni pclmulqdq dtes64 monitor ds_cpl vmx est tm2 ssse3 sdbg fma cx16 xtpr pdcm pcid sse4_1 sse4_2 x2apic movbe popcnt tsc_deadline_timer aes xsave avx f16c rdrand lahf_lm abm 3dnowprefetch cpuid_fault invpcid_single pti tpr_shadow vnmi flexpriority ept vpid fsgsbase tsc_adjust bmi1 avx2 smep bmi2 erms invpcid mpx rdseed adx smap clflushopt intel_pt xsaveopt xsavec xgetbv1 xsaves dtherm ida arat pln pts hwp hwp_notify hwp_act_window hwp_epp md_clear flush_l1d
bugs		: cpu_meltdown spectre_v1 spectre_v2 spec_store_bypass l1tf mds swapgs itlb_multihit
bogomips	: 5808.00
clflush size	: 64
cache_alignment	: 64
address sizes	: 39 bits physical, 48 bits virtual
power management:



Memory: 4k page, physical 16331004k(5078404k free), swap 8388592k(4106876k free)

vm_info: OpenJDK 64-Bit Server VM (25.232-b09) for linux-amd64 JRE (1.8.0_232-8u232-b09-0ubuntu1~18.04.1-b09), built on Oct 16 2019 20:38:15 by "buildd" with gcc 7.4.0

time: Thu Jan  9 11:43:19 2020
timezone: CET
elapsed time: 26893 seconds (0d 7h 28m 13s)

